This is pdfTeX, Version 3.141592653-2.6-1.40.25 (TeX Live 2023/nixos.org) (preloaded format=pdflatex 1980.1.1)  19 JAN 2025 19:09
entering extended mode
 restricted \write18 enabled.
 %&-line parsing enabled.
**doc/user-guide/SPI.tex
(./doc/user-guide/SPI.tex
LaTeX2e <2023-11-01> patch level 1
L3 programming layer <2024-02-20>

(/nix/store/bj92vd0x3z4f1yidlv488fis5rx252nk-texlive-combined-full-2023-final-t
exmfdist/tex/latex/base/article.cls
Document Class: article 2023/05/17 v1.4n Standard LaTeX document class

(/nix/store/bj92vd0x3z4f1yidlv488fis5rx252nk-texlive-combined-full-2023-final-t
exmfdist/tex/latex/base/size10.clo
File: size10.clo 2023/05/17 v1.4n Standard LaTeX file (size option)
)
\c@part=\count188
\c@section=\count189
\c@subsection=\count190
\c@subsubsection=\count191
\c@paragraph=\count192
\c@subparagraph=\count193
\c@figure=\count194
\c@table=\count195
\abovecaptionskip=\skip48
\belowcaptionskip=\skip49
\bibindent=\dimen140
)
(/nix/store/bj92vd0x3z4f1yidlv488fis5rx252nk-texlive-combined-full-2023-final-t
exmfdist/tex/latex/geometry/geometry.sty
Package: geometry 2020/01/02 v5.9 Page Geometry

(/nix/store/bj92vd0x3z4f1yidlv488fis5rx252nk-texlive-combined-full-2023-final-t
exmfdist/tex/latex/graphics/keyval.sty
Package: keyval 2022/05/29 v1.15 key=value parser (DPC)
\KV@toks@=\toks17
)
(/nix/store/bj92vd0x3z4f1yidlv488fis5rx252nk-texlive-combined-full-2023-final-t
exmfdist/tex/generic/iftex/ifvtex.sty
Package: ifvtex 2019/10/25 v1.7 ifvtex legacy package. Use iftex instead.

(/nix/store/bj92vd0x3z4f1yidlv488fis5rx252nk-texlive-combined-full-2023-final-t
exmfdist/tex/generic/iftex/iftex.sty
Package: iftex 2022/02/03 v1.0f TeX engine tests
))
\Gm@cnth=\count196
\Gm@cntv=\count197
\c@Gm@tempcnt=\count198
\Gm@bindingoffset=\dimen141
\Gm@wd@mp=\dimen142
\Gm@odd@mp=\dimen143
\Gm@even@mp=\dimen144
\Gm@layoutwidth=\dimen145
\Gm@layoutheight=\dimen146
\Gm@layouthoffset=\dimen147
\Gm@layoutvoffset=\dimen148
\Gm@dimlist=\toks18
)
(/nix/store/bj92vd0x3z4f1yidlv488fis5rx252nk-texlive-combined-full-2023-final-t
exmfdist/tex/latex/tools/longtable.sty
Package: longtable 2023-11-01 v4.19 Multi-page Table package (DPC)
\LTleft=\skip50
\LTright=\skip51
\LTpre=\skip52
\LTpost=\skip53
\LTchunksize=\count199
\LTcapwidth=\dimen149
\LT@head=\box51
\LT@firsthead=\box52
\LT@foot=\box53
\LT@lastfoot=\box54
\LT@gbox=\box55
\LT@cols=\count266
\LT@rows=\count267
\c@LT@tables=\count268
\c@LT@chunks=\count269
\LT@p@ftn=\toks19
)
(/nix/store/bj92vd0x3z4f1yidlv488fis5rx252nk-texlive-combined-full-2023-final-t
exmfdist/tex/latex/xcolor/xcolor.sty
Package: xcolor 2023/11/15 v3.01 LaTeX color extensions (UK)

(/nix/store/bj92vd0x3z4f1yidlv488fis5rx252nk-texlive-combined-full-2023-final-t
exmfdist/tex/latex/graphics-cfg/color.cfg
File: color.cfg 2016/01/02 v1.6 sample color configuration
)
Package xcolor Info: Driver file: pdftex.def on input line 274.

(/nix/store/bj92vd0x3z4f1yidlv488fis5rx252nk-texlive-combined-full-2023-final-t
exmfdist/tex/latex/graphics-def/pdftex.def
File: pdftex.def 2022/09/22 v1.2b Graphics/color driver for pdftex
)
(/nix/store/bj92vd0x3z4f1yidlv488fis5rx252nk-texlive-combined-full-2023-final-t
exmfdist/tex/latex/graphics/mathcolor.ltx)
Package xcolor Info: Model `cmy' substituted by `cmy0' on input line 1350.
Package xcolor Info: Model `hsb' substituted by `rgb' on input line 1354.
Package xcolor Info: Model `RGB' extended on input line 1366.
Package xcolor Info: Model `HTML' substituted by `rgb' on input line 1368.
Package xcolor Info: Model `Hsb' substituted by `hsb' on input line 1369.
Package xcolor Info: Model `tHsb' substituted by `hsb' on input line 1370.
Package xcolor Info: Model `HSB' substituted by `hsb' on input line 1371.
Package xcolor Info: Model `Gray' substituted by `gray' on input line 1372.
Package xcolor Info: Model `wave' substituted by `hsb' on input line 1373.
)
(/nix/store/bj92vd0x3z4f1yidlv488fis5rx252nk-texlive-combined-full-2023-final-t
exmfdist/tex/latex/graphics/dvipsnam.def
File: dvipsnam.def 2016/06/17 v3.0m Driver-dependent file (DPC,SPQR)
)
(/nix/store/bj92vd0x3z4f1yidlv488fis5rx252nk-texlive-combined-full-2023-final-t
exmfdist/tex/latex/colortbl/colortbl.sty
Package: colortbl 2024/02/20 v1.0g Color table columns (DPC)

(/nix/store/bj92vd0x3z4f1yidlv488fis5rx252nk-texlive-combined-full-2023-final-t
exmfdist/tex/latex/tools/array.sty
Package: array 2023/10/16 v2.5g Tabular extension package (FMi)
\col@sep=\dimen150
\ar@mcellbox=\box56
\extrarowheight=\dimen151
\NC@list=\toks20
\extratabsurround=\skip54
\backup@length=\skip55
\ar@cellbox=\box57
)
\everycr=\toks21
\minrowclearance=\skip56
\rownum=\count270
)
(/nix/store/bj92vd0x3z4f1yidlv488fis5rx252nk-texlive-combined-full-2023-final-t
exmfdist/tex/latex/fancyhdr/fancyhdr.sty
Package: fancyhdr 2022/11/09 v4.1 Extensive control of page headers and footers

\f@nch@headwidth=\skip57
\f@nch@O@elh=\skip58
\f@nch@O@erh=\skip59
\f@nch@O@olh=\skip60
\f@nch@O@orh=\skip61
\f@nch@O@elf=\skip62
\f@nch@O@erf=\skip63
\f@nch@O@olf=\skip64
\f@nch@O@orf=\skip65
)
(/nix/store/bj92vd0x3z4f1yidlv488fis5rx252nk-texlive-combined-full-2023-final-t
exmfdist/tex/latex/graphics/graphicx.sty
Package: graphicx 2021/09/16 v1.2d Enhanced LaTeX Graphics (DPC,SPQR)

(/nix/store/bj92vd0x3z4f1yidlv488fis5rx252nk-texlive-combined-full-2023-final-t
exmfdist/tex/latex/graphics/graphics.sty
Package: graphics 2022/03/10 v1.4e Standard LaTeX Graphics (DPC,SPQR)

(/nix/store/bj92vd0x3z4f1yidlv488fis5rx252nk-texlive-combined-full-2023-final-t
exmfdist/tex/latex/graphics/trig.sty
Package: trig 2021/08/11 v1.11 sin cos tan (DPC)
)
(/nix/store/bj92vd0x3z4f1yidlv488fis5rx252nk-texlive-combined-full-2023-final-t
exmfdist/tex/latex/graphics-cfg/graphics.cfg
File: graphics.cfg 2016/06/04 v1.11 sample graphics configuration
)
Package graphics Info: Driver file: pdftex.def on input line 107.
)
\Gin@req@height=\dimen152
\Gin@req@width=\dimen153
)
(/nix/store/bj92vd0x3z4f1yidlv488fis5rx252nk-texlive-combined-full-2023-final-t
exmfdist/tex/latex/hyperref/hyperref.sty
Package: hyperref 2024-01-20 v7.01h Hypertext links for LaTeX

(/nix/store/bj92vd0x3z4f1yidlv488fis5rx252nk-texlive-combined-full-2023-final-t
exmfdist/tex/latex/kvsetkeys/kvsetkeys.sty
Package: kvsetkeys 2022-10-05 v1.19 Key value parser (HO)
)
(/nix/store/bj92vd0x3z4f1yidlv488fis5rx252nk-texlive-combined-full-2023-final-t
exmfdist/tex/generic/kvdefinekeys/kvdefinekeys.sty
Package: kvdefinekeys 2019-12-19 v1.6 Define keys (HO)
)
(/nix/store/bj92vd0x3z4f1yidlv488fis5rx252nk-texlive-combined-full-2023-final-t
exmfdist/tex/generic/pdfescape/pdfescape.sty
Package: pdfescape 2019/12/09 v1.15 Implements pdfTeX's escape features (HO)

(/nix/store/bj92vd0x3z4f1yidlv488fis5rx252nk-texlive-combined-full-2023-final-t
exmfdist/tex/generic/ltxcmds/ltxcmds.sty
Package: ltxcmds 2023-12-04 v1.26 LaTeX kernel commands for general use (HO)
)
(/nix/store/bj92vd0x3z4f1yidlv488fis5rx252nk-texlive-combined-full-2023-final-t
exmfdist/tex/generic/pdftexcmds/pdftexcmds.sty
Package: pdftexcmds 2020-06-27 v0.33 Utility functions of pdfTeX for LuaTeX (HO
)

(/nix/store/bj92vd0x3z4f1yidlv488fis5rx252nk-texlive-combined-full-2023-final-t
exmfdist/tex/generic/infwarerr/infwarerr.sty
Package: infwarerr 2019/12/03 v1.5 Providing info/warning/error messages (HO)
)
Package pdftexcmds Info: \pdf@primitive is available.
Package pdftexcmds Info: \pdf@ifprimitive is available.
Package pdftexcmds Info: \pdfdraftmode found.
))
(/nix/store/bj92vd0x3z4f1yidlv488fis5rx252nk-texlive-combined-full-2023-final-t
exmfdist/tex/latex/hycolor/hycolor.sty
Package: hycolor 2020-01-27 v1.10 Color options for hyperref/bookmark (HO)
)
(/nix/store/bj92vd0x3z4f1yidlv488fis5rx252nk-texlive-combined-full-2023-final-t
exmfdist/tex/latex/auxhook/auxhook.sty
Package: auxhook 2019-12-17 v1.6 Hooks for auxiliary files (HO)
)
(/nix/store/bj92vd0x3z4f1yidlv488fis5rx252nk-texlive-combined-full-2023-final-t
exmfdist/tex/latex/hyperref/nameref.sty
Package: nameref 2023-11-26 v2.56 Cross-referencing by name of section

(/nix/store/bj92vd0x3z4f1yidlv488fis5rx252nk-texlive-combined-full-2023-final-t
exmfdist/tex/latex/refcount/refcount.sty
Package: refcount 2019/12/15 v3.6 Data extraction from label references (HO)
)
(/nix/store/bj92vd0x3z4f1yidlv488fis5rx252nk-texlive-combined-full-2023-final-t
exmfdist/tex/generic/gettitlestring/gettitlestring.sty
Package: gettitlestring 2019/12/15 v1.6 Cleanup title references (HO)

(/nix/store/bj92vd0x3z4f1yidlv488fis5rx252nk-texlive-combined-full-2023-final-t
exmfdist/tex/latex/kvoptions/kvoptions.sty
Package: kvoptions 2022-06-15 v3.15 Key value format for package options (HO)
))
\c@section@level=\count271
)
(/nix/store/bj92vd0x3z4f1yidlv488fis5rx252nk-texlive-combined-full-2023-final-t
exmfdist/tex/latex/etoolbox/etoolbox.sty
Package: etoolbox 2020/10/05 v2.5k e-TeX tools for LaTeX (JAW)
\etb@tempcnta=\count272
)
\@linkdim=\dimen154
\Hy@linkcounter=\count273
\Hy@pagecounter=\count274

(/nix/store/bj92vd0x3z4f1yidlv488fis5rx252nk-texlive-combined-full-2023-final-t
exmfdist/tex/latex/hyperref/pd1enc.def
File: pd1enc.def 2024-01-20 v7.01h Hyperref: PDFDocEncoding definition (HO)
Now handling font encoding PD1 ...
... no UTF-8 mapping file for font encoding PD1
)
(/nix/store/bj92vd0x3z4f1yidlv488fis5rx252nk-texlive-combined-full-2023-final-t
exmfdist/tex/generic/intcalc/intcalc.sty
Package: intcalc 2019/12/15 v1.3 Expandable calculations with integers (HO)
)
\Hy@SavedSpaceFactor=\count275

(/nix/store/bj92vd0x3z4f1yidlv488fis5rx252nk-texlive-combined-full-2023-final-t
exmfdist/tex/latex/hyperref/puenc.def
File: puenc.def 2024-01-20 v7.01h Hyperref: PDF Unicode definition (HO)
Now handling font encoding PU ...
... no UTF-8 mapping file for font encoding PU
)
Package hyperref Info: Hyper figures OFF on input line 4179.
Package hyperref Info: Link nesting OFF on input line 4184.
Package hyperref Info: Hyper index ON on input line 4187.
Package hyperref Info: Plain pages OFF on input line 4194.
Package hyperref Info: Backreferencing OFF on input line 4199.
Package hyperref Info: Implicit mode ON; LaTeX internals redefined.
Package hyperref Info: Bookmarks ON on input line 4446.
\c@Hy@tempcnt=\count276

(/nix/store/bj92vd0x3z4f1yidlv488fis5rx252nk-texlive-combined-full-2023-final-t
exmfdist/tex/latex/url/url.sty
\Urlmuskip=\muskip16
Package: url 2013/09/16  ver 3.4  Verb mode for urls, etc.
)
LaTeX Info: Redefining \url on input line 4784.
\XeTeXLinkMargin=\dimen155

(/nix/store/bj92vd0x3z4f1yidlv488fis5rx252nk-texlive-combined-full-2023-final-t
exmfdist/tex/generic/bitset/bitset.sty
Package: bitset 2019/12/09 v1.3 Handle bit-vector datatype (HO)

(/nix/store/bj92vd0x3z4f1yidlv488fis5rx252nk-texlive-combined-full-2023-final-t
exmfdist/tex/generic/bigintcalc/bigintcalc.sty
Package: bigintcalc 2019/12/15 v1.5 Expandable calculations on big integers (HO
)
))
\Fld@menulength=\count277
\Field@Width=\dimen156
\Fld@charsize=\dimen157
Package hyperref Info: Hyper figures OFF on input line 6063.
Package hyperref Info: Link nesting OFF on input line 6068.
Package hyperref Info: Hyper index ON on input line 6071.
Package hyperref Info: backreferencing OFF on input line 6078.
Package hyperref Info: Link coloring OFF on input line 6083.
Package hyperref Info: Link coloring with OCG OFF on input line 6088.
Package hyperref Info: PDF/A mode OFF on input line 6093.

(/nix/store/bj92vd0x3z4f1yidlv488fis5rx252nk-texlive-combined-full-2023-final-t
exmfdist/tex/latex/base/atbegshi-ltx.sty
Package: atbegshi-ltx 2021/01/10 v1.0c Emulation of the original atbegshi
package with kernel methods
)
\Hy@abspage=\count278
\c@Item=\count279
\c@Hfootnote=\count280
)
Package hyperref Info: Driver (autodetected): hpdftex.

(/nix/store/bj92vd0x3z4f1yidlv488fis5rx252nk-texlive-combined-full-2023-final-t
exmfdist/tex/latex/hyperref/hpdftex.def
File: hpdftex.def 2024-01-20 v7.01h Hyperref driver for pdfTeX

(/nix/store/bj92vd0x3z4f1yidlv488fis5rx252nk-texlive-combined-full-2023-final-t
exmfdist/tex/latex/base/atveryend-ltx.sty
Package: atveryend-ltx 2020/08/19 v1.0a Emulation of the original atveryend pac
kage
with kernel methods
)
\Fld@listcount=\count281
\c@bookmark@seq@number=\count282

(/nix/store/bj92vd0x3z4f1yidlv488fis5rx252nk-texlive-combined-full-2023-final-t
exmfdist/tex/latex/rerunfilecheck/rerunfilecheck.sty
Package: rerunfilecheck 2022-07-10 v1.10 Rerun checks for auxiliary files (HO)

(/nix/store/bj92vd0x3z4f1yidlv488fis5rx252nk-texlive-combined-full-2023-final-t
exmfdist/tex/generic/uniquecounter/uniquecounter.sty
Package: uniquecounter 2019/12/15 v1.4 Provide unlimited unique counter (HO)
)
Package uniquecounter Info: New unique counter `rerunfilecheck' on input line 2
85.
)
\Hy@SectionHShift=\skip66
)
(/nix/store/bj92vd0x3z4f1yidlv488fis5rx252nk-texlive-combined-full-2023-final-t
exmfdist/tex/latex/float/float.sty
Package: float 2001/11/08 v1.3d Float enhancements (AL)
\c@float@type=\count283
\float@exts=\toks22
\float@box=\box58
\@float@everytoks=\toks23
\@floatcapt=\box59
)
(/nix/store/bj92vd0x3z4f1yidlv488fis5rx252nk-texlive-combined-full-2023-final-t
exmfdist/tex/latex/listings/listings.sty
\lst@mode=\count284
\lst@gtempboxa=\box60
\lst@token=\toks24
\lst@length=\count285
\lst@currlwidth=\dimen158
\lst@column=\count286
\lst@pos=\count287
\lst@lostspace=\dimen159
\lst@width=\dimen160
\lst@newlines=\count288
\lst@lineno=\count289
\lst@maxwidth=\dimen161

(/nix/store/bj92vd0x3z4f1yidlv488fis5rx252nk-texlive-combined-full-2023-final-t
exmfdist/tex/latex/listings/lstpatch.sty
File: lstpatch.sty 2024/02/21 1.10 (Carsten Heinz)
)
(/nix/store/bj92vd0x3z4f1yidlv488fis5rx252nk-texlive-combined-full-2023-final-t
exmfdist/tex/latex/listings/lstmisc.sty
File: lstmisc.sty 2024/02/21 1.10 (Carsten Heinz)
\c@lstnumber=\count290
\lst@skipnumbers=\count291
\lst@framebox=\box61
)
(/nix/store/bj92vd0x3z4f1yidlv488fis5rx252nk-texlive-combined-full-2023-final-t
exmfdist/tex/latex/listings/listings.cfg
File: listings.cfg 2024/02/21 1.10 listings configuration
))
Package: listings 2024/02/21 1.10 (Carsten Heinz)

(/nix/store/bj92vd0x3z4f1yidlv488fis5rx252nk-texlive-combined-full-2023-final-t
exmfdist/tex/latex/amsfonts/amssymb.sty
Package: amssymb 2013/01/14 v3.01 AMS font symbols

(/nix/store/bj92vd0x3z4f1yidlv488fis5rx252nk-texlive-combined-full-2023-final-t
exmfdist/tex/latex/amsfonts/amsfonts.sty
Package: amsfonts 2013/01/14 v3.01 Basic AMSFonts support
\@emptytoks=\toks25
\symAMSa=\mathgroup4
\symAMSb=\mathgroup5
LaTeX Font Info:    Redeclaring math symbol \hbar on input line 98.
LaTeX Font Info:    Overwriting math alphabet `\mathfrak' in version `bold'
(Font)                  U/euf/m/n --> U/euf/b/n on input line 106.
))
(/nix/store/bj92vd0x3z4f1yidlv488fis5rx252nk-texlive-combined-full-2023-final-t
exmfdist/tex/latex/amsmath/amsmath.sty
Package: amsmath 2023/05/13 v2.17o AMS math features
\@mathmargin=\skip67

For additional information on amsmath, use the `?' option.

(/nix/store/bj92vd0x3z4f1yidlv488fis5rx252nk-texlive-combined-full-2023-final-t
exmfdist/tex/latex/amsmath/amstext.sty
Package: amstext 2021/08/26 v2.01 AMS text

(/nix/store/bj92vd0x3z4f1yidlv488fis5rx252nk-texlive-combined-full-2023-final-t
exmfdist/tex/latex/amsmath/amsgen.sty
File: amsgen.sty 1999/11/30 v2.0 generic functions
\@emptytoks=\toks26
\ex@=\dimen162
))
(/nix/store/bj92vd0x3z4f1yidlv488fis5rx252nk-texlive-combined-full-2023-final-t
exmfdist/tex/latex/amsmath/amsbsy.sty
Package: amsbsy 1999/11/29 v1.2d Bold Symbols
\pmbraise@=\dimen163
)
(/nix/store/bj92vd0x3z4f1yidlv488fis5rx252nk-texlive-combined-full-2023-final-t
exmfdist/tex/latex/amsmath/amsopn.sty
Package: amsopn 2022/04/08 v2.04 operator names
)
\inf@bad=\count292
LaTeX Info: Redefining \frac on input line 234.
\uproot@=\count293
\leftroot@=\count294
LaTeX Info: Redefining \overline on input line 399.
LaTeX Info: Redefining \colon on input line 410.
\classnum@=\count295
\DOTSCASE@=\count296
LaTeX Info: Redefining \ldots on input line 496.
LaTeX Info: Redefining \dots on input line 499.
LaTeX Info: Redefining \cdots on input line 620.
\Mathstrutbox@=\box62
\strutbox@=\box63
LaTeX Info: Redefining \big on input line 722.
LaTeX Info: Redefining \Big on input line 723.
LaTeX Info: Redefining \bigg on input line 724.
LaTeX Info: Redefining \Bigg on input line 725.
\big@size=\dimen164
LaTeX Font Info:    Redeclaring font encoding OML on input line 743.
LaTeX Font Info:    Redeclaring font encoding OMS on input line 744.
\macc@depth=\count297
LaTeX Info: Redefining \bmod on input line 905.
LaTeX Info: Redefining \pmod on input line 910.
LaTeX Info: Redefining \smash on input line 940.
LaTeX Info: Redefining \relbar on input line 970.
LaTeX Info: Redefining \Relbar on input line 971.
\c@MaxMatrixCols=\count298
\dotsspace@=\muskip17
\c@parentequation=\count299
\dspbrk@lvl=\count300
\tag@help=\toks27
\row@=\count301
\column@=\count302
\maxfields@=\count303
\andhelp@=\toks28
\eqnshift@=\dimen165
\alignsep@=\dimen166
\tagshift@=\dimen167
\tagwidth@=\dimen168
\totwidth@=\dimen169
\lineht@=\dimen170
\@envbody=\toks29
\multlinegap=\skip68
\multlinetaggap=\skip69
\mathdisplay@stack=\toks30
LaTeX Info: Redefining \[ on input line 2953.
LaTeX Info: Redefining \] on input line 2954.
)
(/nix/store/bj92vd0x3z4f1yidlv488fis5rx252nk-texlive-combined-full-2023-final-t
exmfdist/tex/latex/enumitem/enumitem.sty
Package: enumitem 2019/06/20 v3.9 Customized lists
\labelindent=\skip70
\enit@outerparindent=\dimen171
\enit@toks=\toks31
\enit@inbox=\box64
\enit@count@id=\count304
\enitdp@description=\count305
)
(/nix/store/bj92vd0x3z4f1yidlv488fis5rx252nk-texlive-combined-full-2023-final-t
exmfdist/tex/latex/parskip/parskip.sty
Package: parskip 2021-03-14 v2.0h non-zero parskip adjustments
)
(/nix/store/bj92vd0x3z4f1yidlv488fis5rx252nk-texlive-combined-full-2023-final-t
exmfdist/tex/latex/caption/caption.sty
Package: caption 2023/08/05 v3.6o Customizing captions (AR)

(/nix/store/bj92vd0x3z4f1yidlv488fis5rx252nk-texlive-combined-full-2023-final-t
exmfdist/tex/latex/caption/caption3.sty
Package: caption3 2023/07/31 v2.4d caption3 kernel (AR)
\caption@tempdima=\dimen172
\captionmargin=\dimen173
\caption@leftmargin=\dimen174
\caption@rightmargin=\dimen175
\caption@width=\dimen176
\caption@indent=\dimen177
\caption@parindent=\dimen178
\caption@hangindent=\dimen179
Package caption Info: Standard document class detected.
)
\c@caption@flags=\count306
\c@continuedfloat=\count307
Package caption Info: float package is loaded.
Package caption Info: hyperref package is loaded.
Package caption Info: listings package is loaded.
Package caption Info: longtable package is loaded.

(/nix/store/bj92vd0x3z4f1yidlv488fis5rx252nk-texlive-combined-full-2023-final-t
exmfdist/tex/latex/caption/ltcaption.sty
Package: ltcaption 2021/01/08 v1.4c longtable captions (AR)
))
(/nix/store/bj92vd0x3z4f1yidlv488fis5rx252nk-texlive-combined-full-2023-final-t
exmfdist/tex/latex/tools/tabularx.sty
Package: tabularx 2023/07/08 v2.11c `tabularx' package (DPC)
\TX@col@width=\dimen180
\TX@old@table=\dimen181
\TX@old@col=\dimen182
\TX@target=\dimen183
\TX@delta=\dimen184
\TX@cols=\count308
\TX@ftn=\toks32
)
(/nix/store/bj92vd0x3z4f1yidlv488fis5rx252nk-texlive-combined-full-2023-final-t
exmfdist/tex/latex/circuitikz/circuitikz.sty
Package: circuitikz 2024/02/09{} The CircuiTikz circuit drawing package version
 1.6.7

(/nix/store/bj92vd0x3z4f1yidlv488fis5rx252nk-texlive-combined-full-2023-final-t
exmfdist/tex/latex/pgf/frontendlayer/tikz.sty
(/nix/store/bj92vd0x3z4f1yidlv488fis5rx252nk-texlive-combined-full-2023-final-t
exmfdist/tex/latex/pgf/basiclayer/pgf.sty
(/nix/store/bj92vd0x3z4f1yidlv488fis5rx252nk-texlive-combined-full-2023-final-t
exmfdist/tex/latex/pgf/utilities/pgfrcs.sty
(/nix/store/bj92vd0x3z4f1yidlv488fis5rx252nk-texlive-combined-full-2023-final-t
exmfdist/tex/generic/pgf/utilities/pgfutil-common.tex
\pgfutil@everybye=\toks33
\pgfutil@tempdima=\dimen185
\pgfutil@tempdimb=\dimen186
)
(/nix/store/bj92vd0x3z4f1yidlv488fis5rx252nk-texlive-combined-full-2023-final-t
exmfdist/tex/generic/pgf/utilities/pgfutil-latex.def
\pgfutil@abb=\box65
)
(/nix/store/bj92vd0x3z4f1yidlv488fis5rx252nk-texlive-combined-full-2023-final-t
exmfdist/tex/generic/pgf/utilities/pgfrcs.code.tex
(/nix/store/bj92vd0x3z4f1yidlv488fis5rx252nk-texlive-combined-full-2023-final-t
exmfdist/tex/generic/pgf/pgf.revision.tex)
Package: pgfrcs 2023-01-15 v3.1.10 (3.1.10)
))
Package: pgf 2023-01-15 v3.1.10 (3.1.10)

(/nix/store/bj92vd0x3z4f1yidlv488fis5rx252nk-texlive-combined-full-2023-final-t
exmfdist/tex/latex/pgf/basiclayer/pgfcore.sty
(/nix/store/bj92vd0x3z4f1yidlv488fis5rx252nk-texlive-combined-full-2023-final-t
exmfdist/tex/latex/pgf/systemlayer/pgfsys.sty
(/nix/store/bj92vd0x3z4f1yidlv488fis5rx252nk-texlive-combined-full-2023-final-t
exmfdist/tex/generic/pgf/systemlayer/pgfsys.code.tex
Package: pgfsys 2023-01-15 v3.1.10 (3.1.10)

(/nix/store/bj92vd0x3z4f1yidlv488fis5rx252nk-texlive-combined-full-2023-final-t
exmfdist/tex/generic/pgf/utilities/pgfkeys.code.tex
\pgfkeys@pathtoks=\toks34
\pgfkeys@temptoks=\toks35

(/nix/store/bj92vd0x3z4f1yidlv488fis5rx252nk-texlive-combined-full-2023-final-t
exmfdist/tex/generic/pgf/utilities/pgfkeyslibraryfiltered.code.tex
\pgfkeys@tmptoks=\toks36
))
\pgf@x=\dimen187
\pgf@y=\dimen188
\pgf@xa=\dimen189
\pgf@ya=\dimen190
\pgf@xb=\dimen191
\pgf@yb=\dimen192
\pgf@xc=\dimen193
\pgf@yc=\dimen194
\pgf@xd=\dimen195
\pgf@yd=\dimen196
\w@pgf@writea=\write3
\r@pgf@reada=\read2
\c@pgf@counta=\count309
\c@pgf@countb=\count310
\c@pgf@countc=\count311
\c@pgf@countd=\count312
\t@pgf@toka=\toks37
\t@pgf@tokb=\toks38
\t@pgf@tokc=\toks39
\pgf@sys@id@count=\count313

(/nix/store/bj92vd0x3z4f1yidlv488fis5rx252nk-texlive-combined-full-2023-final-t
exmfdist/tex/generic/pgf/systemlayer/pgf.cfg
File: pgf.cfg 2023-01-15 v3.1.10 (3.1.10)
)
Driver file for pgf: pgfsys-pdftex.def

(/nix/store/bj92vd0x3z4f1yidlv488fis5rx252nk-texlive-combined-full-2023-final-t
exmfdist/tex/generic/pgf/systemlayer/pgfsys-pdftex.def
File: pgfsys-pdftex.def 2023-01-15 v3.1.10 (3.1.10)

(/nix/store/bj92vd0x3z4f1yidlv488fis5rx252nk-texlive-combined-full-2023-final-t
exmfdist/tex/generic/pgf/systemlayer/pgfsys-common-pdf.def
File: pgfsys-common-pdf.def 2023-01-15 v3.1.10 (3.1.10)
)))
(/nix/store/bj92vd0x3z4f1yidlv488fis5rx252nk-texlive-combined-full-2023-final-t
exmfdist/tex/generic/pgf/systemlayer/pgfsyssoftpath.code.tex
File: pgfsyssoftpath.code.tex 2023-01-15 v3.1.10 (3.1.10)
\pgfsyssoftpath@smallbuffer@items=\count314
\pgfsyssoftpath@bigbuffer@items=\count315
)
(/nix/store/bj92vd0x3z4f1yidlv488fis5rx252nk-texlive-combined-full-2023-final-t
exmfdist/tex/generic/pgf/systemlayer/pgfsysprotocol.code.tex
File: pgfsysprotocol.code.tex 2023-01-15 v3.1.10 (3.1.10)
))
(/nix/store/bj92vd0x3z4f1yidlv488fis5rx252nk-texlive-combined-full-2023-final-t
exmfdist/tex/generic/pgf/basiclayer/pgfcore.code.tex
Package: pgfcore 2023-01-15 v3.1.10 (3.1.10)

(/nix/store/bj92vd0x3z4f1yidlv488fis5rx252nk-texlive-combined-full-2023-final-t
exmfdist/tex/generic/pgf/math/pgfmath.code.tex
(/nix/store/bj92vd0x3z4f1yidlv488fis5rx252nk-texlive-combined-full-2023-final-t
exmfdist/tex/generic/pgf/math/pgfmathutil.code.tex)
(/nix/store/bj92vd0x3z4f1yidlv488fis5rx252nk-texlive-combined-full-2023-final-t
exmfdist/tex/generic/pgf/math/pgfmathparser.code.tex
\pgfmath@dimen=\dimen197
\pgfmath@count=\count316
\pgfmath@box=\box66
\pgfmath@toks=\toks40
\pgfmath@stack@operand=\toks41
\pgfmath@stack@operation=\toks42
)
(/nix/store/bj92vd0x3z4f1yidlv488fis5rx252nk-texlive-combined-full-2023-final-t
exmfdist/tex/generic/pgf/math/pgfmathfunctions.code.tex)
(/nix/store/bj92vd0x3z4f1yidlv488fis5rx252nk-texlive-combined-full-2023-final-t
exmfdist/tex/generic/pgf/math/pgfmathfunctions.basic.code.tex)
(/nix/store/bj92vd0x3z4f1yidlv488fis5rx252nk-texlive-combined-full-2023-final-t
exmfdist/tex/generic/pgf/math/pgfmathfunctions.trigonometric.code.tex)
(/nix/store/bj92vd0x3z4f1yidlv488fis5rx252nk-texlive-combined-full-2023-final-t
exmfdist/tex/generic/pgf/math/pgfmathfunctions.random.code.tex)
(/nix/store/bj92vd0x3z4f1yidlv488fis5rx252nk-texlive-combined-full-2023-final-t
exmfdist/tex/generic/pgf/math/pgfmathfunctions.comparison.code.tex)
(/nix/store/bj92vd0x3z4f1yidlv488fis5rx252nk-texlive-combined-full-2023-final-t
exmfdist/tex/generic/pgf/math/pgfmathfunctions.base.code.tex)
(/nix/store/bj92vd0x3z4f1yidlv488fis5rx252nk-texlive-combined-full-2023-final-t
exmfdist/tex/generic/pgf/math/pgfmathfunctions.round.code.tex)
(/nix/store/bj92vd0x3z4f1yidlv488fis5rx252nk-texlive-combined-full-2023-final-t
exmfdist/tex/generic/pgf/math/pgfmathfunctions.misc.code.tex)
(/nix/store/bj92vd0x3z4f1yidlv488fis5rx252nk-texlive-combined-full-2023-final-t
exmfdist/tex/generic/pgf/math/pgfmathfunctions.integerarithmetics.code.tex)
(/nix/store/bj92vd0x3z4f1yidlv488fis5rx252nk-texlive-combined-full-2023-final-t
exmfdist/tex/generic/pgf/math/pgfmathcalc.code.tex)
(/nix/store/bj92vd0x3z4f1yidlv488fis5rx252nk-texlive-combined-full-2023-final-t
exmfdist/tex/generic/pgf/math/pgfmathfloat.code.tex
\c@pgfmathroundto@lastzeros=\count317
))
(/nix/store/bj92vd0x3z4f1yidlv488fis5rx252nk-texlive-combined-full-2023-final-t
exmfdist/tex/generic/pgf/math/pgfint.code.tex)
(/nix/store/bj92vd0x3z4f1yidlv488fis5rx252nk-texlive-combined-full-2023-final-t
exmfdist/tex/generic/pgf/basiclayer/pgfcorepoints.code.tex
File: pgfcorepoints.code.tex 2023-01-15 v3.1.10 (3.1.10)
\pgf@picminx=\dimen198
\pgf@picmaxx=\dimen199
\pgf@picminy=\dimen256
\pgf@picmaxy=\dimen257
\pgf@pathminx=\dimen258
\pgf@pathmaxx=\dimen259
\pgf@pathminy=\dimen260
\pgf@pathmaxy=\dimen261
\pgf@xx=\dimen262
\pgf@xy=\dimen263
\pgf@yx=\dimen264
\pgf@yy=\dimen265
\pgf@zx=\dimen266
\pgf@zy=\dimen267
)
(/nix/store/bj92vd0x3z4f1yidlv488fis5rx252nk-texlive-combined-full-2023-final-t
exmfdist/tex/generic/pgf/basiclayer/pgfcorepathconstruct.code.tex
File: pgfcorepathconstruct.code.tex 2023-01-15 v3.1.10 (3.1.10)
\pgf@path@lastx=\dimen268
\pgf@path@lasty=\dimen269
)
(/nix/store/bj92vd0x3z4f1yidlv488fis5rx252nk-texlive-combined-full-2023-final-t
exmfdist/tex/generic/pgf/basiclayer/pgfcorepathusage.code.tex
File: pgfcorepathusage.code.tex 2023-01-15 v3.1.10 (3.1.10)
\pgf@shorten@end@additional=\dimen270
\pgf@shorten@start@additional=\dimen271
)
(/nix/store/bj92vd0x3z4f1yidlv488fis5rx252nk-texlive-combined-full-2023-final-t
exmfdist/tex/generic/pgf/basiclayer/pgfcorescopes.code.tex
File: pgfcorescopes.code.tex 2023-01-15 v3.1.10 (3.1.10)
\pgfpic=\box67
\pgf@hbox=\box68
\pgf@layerbox@main=\box69
\pgf@picture@serial@count=\count318
)
(/nix/store/bj92vd0x3z4f1yidlv488fis5rx252nk-texlive-combined-full-2023-final-t
exmfdist/tex/generic/pgf/basiclayer/pgfcoregraphicstate.code.tex
File: pgfcoregraphicstate.code.tex 2023-01-15 v3.1.10 (3.1.10)
\pgflinewidth=\dimen272
)
(/nix/store/bj92vd0x3z4f1yidlv488fis5rx252nk-texlive-combined-full-2023-final-t
exmfdist/tex/generic/pgf/basiclayer/pgfcoretransformations.code.tex
File: pgfcoretransformations.code.tex 2023-01-15 v3.1.10 (3.1.10)
\pgf@pt@x=\dimen273
\pgf@pt@y=\dimen274
\pgf@pt@temp=\dimen275
)
(/nix/store/bj92vd0x3z4f1yidlv488fis5rx252nk-texlive-combined-full-2023-final-t
exmfdist/tex/generic/pgf/basiclayer/pgfcorequick.code.tex
File: pgfcorequick.code.tex 2023-01-15 v3.1.10 (3.1.10)
)
(/nix/store/bj92vd0x3z4f1yidlv488fis5rx252nk-texlive-combined-full-2023-final-t
exmfdist/tex/generic/pgf/basiclayer/pgfcoreobjects.code.tex
File: pgfcoreobjects.code.tex 2023-01-15 v3.1.10 (3.1.10)
)
(/nix/store/bj92vd0x3z4f1yidlv488fis5rx252nk-texlive-combined-full-2023-final-t
exmfdist/tex/generic/pgf/basiclayer/pgfcorepathprocessing.code.tex
File: pgfcorepathprocessing.code.tex 2023-01-15 v3.1.10 (3.1.10)
)
(/nix/store/bj92vd0x3z4f1yidlv488fis5rx252nk-texlive-combined-full-2023-final-t
exmfdist/tex/generic/pgf/basiclayer/pgfcorearrows.code.tex
File: pgfcorearrows.code.tex 2023-01-15 v3.1.10 (3.1.10)
\pgfarrowsep=\dimen276
)
(/nix/store/bj92vd0x3z4f1yidlv488fis5rx252nk-texlive-combined-full-2023-final-t
exmfdist/tex/generic/pgf/basiclayer/pgfcoreshade.code.tex
File: pgfcoreshade.code.tex 2023-01-15 v3.1.10 (3.1.10)
\pgf@max=\dimen277
\pgf@sys@shading@range@num=\count319
\pgf@shadingcount=\count320
)
(/nix/store/bj92vd0x3z4f1yidlv488fis5rx252nk-texlive-combined-full-2023-final-t
exmfdist/tex/generic/pgf/basiclayer/pgfcoreimage.code.tex
File: pgfcoreimage.code.tex 2023-01-15 v3.1.10 (3.1.10)
)
(/nix/store/bj92vd0x3z4f1yidlv488fis5rx252nk-texlive-combined-full-2023-final-t
exmfdist/tex/generic/pgf/basiclayer/pgfcoreexternal.code.tex
File: pgfcoreexternal.code.tex 2023-01-15 v3.1.10 (3.1.10)
\pgfexternal@startupbox=\box70
)
(/nix/store/bj92vd0x3z4f1yidlv488fis5rx252nk-texlive-combined-full-2023-final-t
exmfdist/tex/generic/pgf/basiclayer/pgfcorelayers.code.tex
File: pgfcorelayers.code.tex 2023-01-15 v3.1.10 (3.1.10)
)
(/nix/store/bj92vd0x3z4f1yidlv488fis5rx252nk-texlive-combined-full-2023-final-t
exmfdist/tex/generic/pgf/basiclayer/pgfcoretransparency.code.tex
File: pgfcoretransparency.code.tex 2023-01-15 v3.1.10 (3.1.10)
)
(/nix/store/bj92vd0x3z4f1yidlv488fis5rx252nk-texlive-combined-full-2023-final-t
exmfdist/tex/generic/pgf/basiclayer/pgfcorepatterns.code.tex
File: pgfcorepatterns.code.tex 2023-01-15 v3.1.10 (3.1.10)
)
(/nix/store/bj92vd0x3z4f1yidlv488fis5rx252nk-texlive-combined-full-2023-final-t
exmfdist/tex/generic/pgf/basiclayer/pgfcorerdf.code.tex
File: pgfcorerdf.code.tex 2023-01-15 v3.1.10 (3.1.10)
)))
(/nix/store/bj92vd0x3z4f1yidlv488fis5rx252nk-texlive-combined-full-2023-final-t
exmfdist/tex/generic/pgf/modules/pgfmoduleshapes.code.tex
File: pgfmoduleshapes.code.tex 2023-01-15 v3.1.10 (3.1.10)
\pgfnodeparttextbox=\box71
)
(/nix/store/bj92vd0x3z4f1yidlv488fis5rx252nk-texlive-combined-full-2023-final-t
exmfdist/tex/generic/pgf/modules/pgfmoduleplot.code.tex
File: pgfmoduleplot.code.tex 2023-01-15 v3.1.10 (3.1.10)
)
(/nix/store/bj92vd0x3z4f1yidlv488fis5rx252nk-texlive-combined-full-2023-final-t
exmfdist/tex/latex/pgf/compatibility/pgfcomp-version-0-65.sty
Package: pgfcomp-version-0-65 2023-01-15 v3.1.10 (3.1.10)
\pgf@nodesepstart=\dimen278
\pgf@nodesepend=\dimen279
)
(/nix/store/bj92vd0x3z4f1yidlv488fis5rx252nk-texlive-combined-full-2023-final-t
exmfdist/tex/latex/pgf/compatibility/pgfcomp-version-1-18.sty
Package: pgfcomp-version-1-18 2023-01-15 v3.1.10 (3.1.10)
))
(/nix/store/bj92vd0x3z4f1yidlv488fis5rx252nk-texlive-combined-full-2023-final-t
exmfdist/tex/latex/pgf/utilities/pgffor.sty
(/nix/store/bj92vd0x3z4f1yidlv488fis5rx252nk-texlive-combined-full-2023-final-t
exmfdist/tex/latex/pgf/utilities/pgfkeys.sty
(/nix/store/bj92vd0x3z4f1yidlv488fis5rx252nk-texlive-combined-full-2023-final-t
exmfdist/tex/generic/pgf/utilities/pgfkeys.code.tex))
(/nix/store/bj92vd0x3z4f1yidlv488fis5rx252nk-texlive-combined-full-2023-final-t
exmfdist/tex/latex/pgf/math/pgfmath.sty
(/nix/store/bj92vd0x3z4f1yidlv488fis5rx252nk-texlive-combined-full-2023-final-t
exmfdist/tex/generic/pgf/math/pgfmath.code.tex))
(/nix/store/bj92vd0x3z4f1yidlv488fis5rx252nk-texlive-combined-full-2023-final-t
exmfdist/tex/generic/pgf/utilities/pgffor.code.tex
Package: pgffor 2023-01-15 v3.1.10 (3.1.10)
\pgffor@iter=\dimen280
\pgffor@skip=\dimen281
\pgffor@stack=\toks43
\pgffor@toks=\toks44
))
(/nix/store/bj92vd0x3z4f1yidlv488fis5rx252nk-texlive-combined-full-2023-final-t
exmfdist/tex/generic/pgf/frontendlayer/tikz/tikz.code.tex
Package: tikz 2023-01-15 v3.1.10 (3.1.10)

(/nix/store/bj92vd0x3z4f1yidlv488fis5rx252nk-texlive-combined-full-2023-final-t
exmfdist/tex/generic/pgf/libraries/pgflibraryplothandlers.code.tex
File: pgflibraryplothandlers.code.tex 2023-01-15 v3.1.10 (3.1.10)
\pgf@plot@mark@count=\count321
\pgfplotmarksize=\dimen282
)
\tikz@lastx=\dimen283
\tikz@lasty=\dimen284
\tikz@lastxsaved=\dimen285
\tikz@lastysaved=\dimen286
\tikz@lastmovetox=\dimen287
\tikz@lastmovetoy=\dimen288
\tikzleveldistance=\dimen289
\tikzsiblingdistance=\dimen290
\tikz@figbox=\box72
\tikz@figbox@bg=\box73
\tikz@tempbox=\box74
\tikz@tempbox@bg=\box75
\tikztreelevel=\count322
\tikznumberofchildren=\count323
\tikznumberofcurrentchild=\count324
\tikz@fig@count=\count325

(/nix/store/bj92vd0x3z4f1yidlv488fis5rx252nk-texlive-combined-full-2023-final-t
exmfdist/tex/generic/pgf/modules/pgfmodulematrix.code.tex
File: pgfmodulematrix.code.tex 2023-01-15 v3.1.10 (3.1.10)
\pgfmatrixcurrentrow=\count326
\pgfmatrixcurrentcolumn=\count327
\pgf@matrix@numberofcolumns=\count328
)
\tikz@expandcount=\count329

(/nix/store/bj92vd0x3z4f1yidlv488fis5rx252nk-texlive-combined-full-2023-final-t
exmfdist/tex/generic/pgf/frontendlayer/tikz/libraries/tikzlibrarytopaths.code.t
ex
File: tikzlibrarytopaths.code.tex 2023-01-15 v3.1.10 (3.1.10)
)))
(/nix/store/bj92vd0x3z4f1yidlv488fis5rx252nk-texlive-combined-full-2023-final-t
exmfdist/tex/generic/pgf/frontendlayer/tikz/libraries/tikzlibrarycalc.code.tex
File: tikzlibrarycalc.code.tex 2023-01-15 v3.1.10 (3.1.10)
)
(/nix/store/bj92vd0x3z4f1yidlv488fis5rx252nk-texlive-combined-full-2023-final-t
exmfdist/tex/generic/pgf/libraries/pgflibraryarrows.meta.code.tex
File: pgflibraryarrows.meta.code.tex 2023-01-15 v3.1.10 (3.1.10)
\pgfarrowinset=\dimen291
\pgfarrowlength=\dimen292
\pgfarrowwidth=\dimen293
\pgfarrowlinewidth=\dimen294
)
(/nix/store/bj92vd0x3z4f1yidlv488fis5rx252nk-texlive-combined-full-2023-final-t
exmfdist/tex/generic/pgf/frontendlayer/tikz/libraries/tikzlibrarybending.code.t
ex
File: tikzlibrarybending.code.tex 2023-01-15 v3.1.10 (3.1.10)

(/nix/store/bj92vd0x3z4f1yidlv488fis5rx252nk-texlive-combined-full-2023-final-t
exmfdist/tex/generic/pgf/modules/pgfmodulebending.code.tex
File: pgfmodulebending.code.tex 2023-01-15 v3.1.10 (3.1.10)

(/nix/store/bj92vd0x3z4f1yidlv488fis5rx252nk-texlive-combined-full-2023-final-t
exmfdist/tex/generic/pgf/modules/pgfmodulenonlineartransformations.code.tex
File: pgfmodulenonlineartransformations.code.tex 2023-01-15 v3.1.10 (3.1.10)
\pgftransformnonlinearflatness=\dimen295
)
(/nix/store/bj92vd0x3z4f1yidlv488fis5rx252nk-texlive-combined-full-2023-final-t
exmfdist/tex/generic/pgf/libraries/pgflibrarycurvilinear.code.tex
File: pgflibrarycurvilinear.code.tex 2023-01-15 v3.1.10 (3.1.10)
\pgf@curvilinear@time@a=\dimen296
\pgf@curvilinear@length@a=\dimen297
\pgf@curvilinear@length@b=\dimen298
\pgf@curvilinear@length@c=\dimen299
\pgf@curvilinear@length@d=\dimen300
)
\pgf@arrows@the@rigidity=\dimen301
))
(/nix/store/bj92vd0x3z4f1yidlv488fis5rx252nk-texlive-combined-full-2023-final-t
exmfdist/tex/generic/pgf/frontendlayer/tikz/libraries/tikzlibraryfpu.code.tex
(/nix/store/bj92vd0x3z4f1yidlv488fis5rx252nk-texlive-combined-full-2023-final-t
exmfdist/tex/generic/pgf/libraries/pgflibraryfpu.code.tex))
(/nix/store/bj92vd0x3z4f1yidlv488fis5rx252nk-texlive-combined-full-2023-final-t
exmfdist/tex/generic/circuitikz/pgfcirc.defines.tex
\pgf@circ@count@a=\count330
\pgf@circ@count@b=\count331
\pgf@circ@count@c=\count332
\pgf@circ@res@up=\dimen302
\pgf@circ@res@down=\dimen303
\pgf@circ@res@zero=\dimen304
\pgf@circ@res@left=\dimen305
\pgf@circ@res@right=\dimen306
\pgf@circ@res@other=\dimen307
\pgf@circ@res@step=\dimen308
\pgf@circ@res@temp=\dimen309
\pgf@circ@Rlen=\dimen310
\pgf@circ@scaled@Rlen=\dimen311
\pgfstartlinewidth=\dimen312
)
(/nix/store/bj92vd0x3z4f1yidlv488fis5rx252nk-texlive-combined-full-2023-final-t
exmfdist/tex/generic/circuitikz/pgfcircutils.tex
\ctikz@scratchbox=\box76
)
(/nix/store/bj92vd0x3z4f1yidlv488fis5rx252nk-texlive-combined-full-2023-final-t
exmfdist/tex/generic/circuitikz/pgfcircpath.tex)
(/nix/store/bj92vd0x3z4f1yidlv488fis5rx252nk-texlive-combined-full-2023-final-t
exmfdist/tex/generic/circuitikz/pgfcircshapes.tex)
(/nix/store/bj92vd0x3z4f1yidlv488fis5rx252nk-texlive-combined-full-2023-final-t
exmfdist/tex/generic/circuitikz/pgfcircmonopoles.tex)
(/nix/store/bj92vd0x3z4f1yidlv488fis5rx252nk-texlive-combined-full-2023-final-t
exmfdist/tex/generic/circuitikz/pgfcircbipoles.tex)
(/nix/store/bj92vd0x3z4f1yidlv488fis5rx252nk-texlive-combined-full-2023-final-t
exmfdist/tex/generic/circuitikz/pgfcirctripoles.tex
\pgf@circ@res@count=\count333
)
(/nix/store/bj92vd0x3z4f1yidlv488fis5rx252nk-texlive-combined-full-2023-final-t
exmfdist/tex/generic/circuitikz/pgfcircquadpoles.tex)
(/nix/store/bj92vd0x3z4f1yidlv488fis5rx252nk-texlive-combined-full-2023-final-t
exmfdist/tex/generic/circuitikz/pgfcircmultipoles.tex)
(/nix/store/bj92vd0x3z4f1yidlv488fis5rx252nk-texlive-combined-full-2023-final-t
exmfdist/tex/generic/circuitikz/pgfcirclabel.tex)
(/nix/store/bj92vd0x3z4f1yidlv488fis5rx252nk-texlive-combined-full-2023-final-t
exmfdist/tex/generic/circuitikz/pgfcircvoltage.tex
\pgfcirc@labelshift=\dimen313
)
(/nix/store/bj92vd0x3z4f1yidlv488fis5rx252nk-texlive-combined-full-2023-final-t
exmfdist/tex/generic/circuitikz/pgfcirccurrent.tex)
(/nix/store/bj92vd0x3z4f1yidlv488fis5rx252nk-texlive-combined-full-2023-final-t
exmfdist/tex/generic/circuitikz/pgfcircflow.tex))
(/nix/store/bj92vd0x3z4f1yidlv488fis5rx252nk-texlive-combined-full-2023-final-t
exmfdist/tex/latex/l3backend/l3backend-pdftex.def
File: l3backend-pdftex.def 2024-02-20 L3 backend support: PDF output (pdfTeX)
\l__color_backend_stack_int=\count334
\l__pdf_internal_box=\box77
)
No file SPI.aux.
\openout1 = `SPI.aux'.

LaTeX Font Info:    Checking defaults for OML/cmm/m/it on input line 80.
LaTeX Font Info:    ... okay on input line 80.
LaTeX Font Info:    Checking defaults for OMS/cmsy/m/n on input line 80.
LaTeX Font Info:    ... okay on input line 80.
LaTeX Font Info:    Checking defaults for OT1/cmr/m/n on input line 80.
LaTeX Font Info:    ... okay on input line 80.
LaTeX Font Info:    Checking defaults for T1/cmr/m/n on input line 80.
LaTeX Font Info:    ... okay on input line 80.
LaTeX Font Info:    Checking defaults for TS1/cmr/m/n on input line 80.
LaTeX Font Info:    ... okay on input line 80.
LaTeX Font Info:    Checking defaults for OMX/cmex/m/n on input line 80.
LaTeX Font Info:    ... okay on input line 80.
LaTeX Font Info:    Checking defaults for U/cmr/m/n on input line 80.
LaTeX Font Info:    ... okay on input line 80.
LaTeX Font Info:    Checking defaults for PD1/pdf/m/n on input line 80.
LaTeX Font Info:    ... okay on input line 80.
LaTeX Font Info:    Checking defaults for PU/pdf/m/n on input line 80.
LaTeX Font Info:    ... okay on input line 80.
*geometry* driver: auto-detecting
*geometry* detected driver: pdftex
*geometry* verbose mode - [ preamble ] result:
* driver: pdftex
* paper: letterpaper
* layout: <same size as paper>
* layoutoffset:(h,v)=(0.0pt,0.0pt)
* modes: 
* h-part:(L,W,R)=(72.26997pt, 469.75505pt, 72.26997pt)
* v-part:(T,H,B)=(72.26997pt, 650.43004pt, 72.26997pt)
* \paperwidth=614.295pt
* \paperheight=794.96999pt
* \textwidth=469.75505pt
* \textheight=650.43004pt
* \oddsidemargin=-0.00002pt
* \evensidemargin=-0.00002pt
* \topmargin=-37.00002pt
* \headheight=12.0pt
* \headsep=25.0pt
* \topskip=10.0pt
* \footskip=30.0pt
* \marginparwidth=65.0pt
* \marginparsep=11.0pt
* \columnsep=10.0pt
* \skip\footins=9.0pt plus 4.0pt minus 2.0pt
* \hoffset=0.0pt
* \voffset=0.0pt
* \mag=1000
* \@twocolumnfalse
* \@twosidefalse
* \@mparswitchfalse
* \@reversemarginfalse
* (1in=72.27pt=25.4mm, 1cm=28.453pt)


(/nix/store/bj92vd0x3z4f1yidlv488fis5rx252nk-texlive-combined-full-2023-final-t
exmfdist/tex/context/base/mkii/supp-pdf.mkii
[Loading MPS to PDF converter (version 2006.09.02).]
\scratchcounter=\count335
\scratchdimen=\dimen314
\scratchbox=\box78
\nofMPsegments=\count336
\nofMParguments=\count337
\everyMPshowfont=\toks45
\MPscratchCnt=\count338
\MPscratchDim=\dimen315
\MPnumerator=\count339
\makeMPintoPDFobject=\count340
\everyMPtoPDFconversion=\toks46
)
(/nix/store/bj92vd0x3z4f1yidlv488fis5rx252nk-texlive-combined-full-2023-final-t
exmfdist/tex/latex/epstopdf-pkg/epstopdf-base.sty
Package: epstopdf-base 2020-01-24 v2.11 Base part for package epstopdf
Package epstopdf-base Info: Redefining graphics rule for `.eps' on input line 4
85.

(/nix/store/bj92vd0x3z4f1yidlv488fis5rx252nk-texlive-combined-full-2023-final-t
exmfdist/tex/latex/latexconfig/epstopdf-sys.cfg
File: epstopdf-sys.cfg 2010/07/13 v1.3 Configuration of (r)epstopdf for TeX Liv
e
))
Package hyperref Info: Link coloring OFF on input line 80.
\@outlinefile=\write4
\openout4 = `SPI.out'.

\c@lstlisting=\count341
Package caption Info: Begin \AtBeginDocument code.
Package caption Info: End \AtBeginDocument code.


LaTeX Warning: File `images/Rocksavage_Tech_RGB_300.png' not found on input lin
e 83.


! Package pdftex.def Error: File `images/Rocksavage_Tech_RGB_300.png' not found
: using draft setting.

See the pdftex.def package documentation for explanation.
Type  H <return>  for immediate help.
 ...                                              
                                                  
l.83 \newpage
             
? 
! Emergency stop.
 ...                                              
                                                  
l.83 \newpage
             
Try typing  <return>  to proceed.
If that doesn't work, type  X <return>  to quit.

 
Here is how much of TeX's memory you used:
 41235 strings out of 474116
 976092 string characters out of 5717523
 1926187 words of memory out of 5000000
 63182 multiletter control sequences out of 15000+600000
 558368 words of font info for 37 fonts, out of 8000000 for 9000
 1141 hyphenation exceptions out of 8191
 99i,1n,101p,537b,266s stack positions out of 10000i,1000n,20000p,200000b,200000s
!  ==> Fatal error occurred, no output PDF file produced!
