This is pdfTeX, Version 3.141592653-2.6-1.40.25 (TeX Live 2023/nixos.org) (preloaded format=pdflatex 1980.1.1)  26 MAR 2025 02:45
entering extended mode
 restricted \write18 enabled.
 %&-line parsing enabled.
**SPI.tex
(./SPI.tex
LaTeX2e <2023-11-01> patch level 1
L3 programming layer <2024-02-20>

(/nix/store/sva4xm28w75mg4vqa5fkksdgrpxx73g3-texlive-2023-env-texmfdist/tex/lat
ex/base/article.cls
Document Class: article 2023/05/17 v1.4n Standard LaTeX document class

(/nix/store/sva4xm28w75mg4vqa5fkksdgrpxx73g3-texlive-2023-env-texmfdist/tex/lat
ex/base/size10.clo
File: size10.clo 2023/05/17 v1.4n Standard LaTeX file (size option)
)
\c@part=\count188
\c@section=\count189
\c@subsection=\count190
\c@subsubsection=\count191
\c@paragraph=\count192
\c@subparagraph=\count193
\c@figure=\count194
\c@table=\count195
\abovecaptionskip=\skip48
\belowcaptionskip=\skip49
\bibindent=\dimen140
)
(/nix/store/sva4xm28w75mg4vqa5fkksdgrpxx73g3-texlive-2023-env-texmfdist/tex/lat
ex/booktabs/booktabs.sty
Package: booktabs 2020/01/12 v1.61803398 Publication quality tables
\heavyrulewidth=\dimen141
\lightrulewidth=\dimen142
\cmidrulewidth=\dimen143
\belowrulesep=\dimen144
\belowbottomsep=\dimen145
\aboverulesep=\dimen146
\abovetopsep=\dimen147
\cmidrulesep=\dimen148
\cmidrulekern=\dimen149
\defaultaddspace=\dimen150
\@cmidla=\count196
\@cmidlb=\count197
\@aboverulesep=\dimen151
\@belowrulesep=\dimen152
\@thisruleclass=\count198
\@lastruleclass=\count199
\@thisrulewidth=\dimen153
)
(/nix/store/sva4xm28w75mg4vqa5fkksdgrpxx73g3-texlive-2023-env-texmfdist/tex/lat
ex/geometry/geometry.sty
Package: geometry 2020/01/02 v5.9 Page Geometry

(/nix/store/sva4xm28w75mg4vqa5fkksdgrpxx73g3-texlive-2023-env-texmfdist/tex/lat
ex/graphics/keyval.sty
Package: keyval 2022/05/29 v1.15 key=value parser (DPC)
\KV@toks@=\toks17
)
(/nix/store/sva4xm28w75mg4vqa5fkksdgrpxx73g3-texlive-2023-env-texmfdist/tex/gen
eric/iftex/ifvtex.sty
Package: ifvtex 2019/10/25 v1.7 ifvtex legacy package. Use iftex instead.

(/nix/store/sva4xm28w75mg4vqa5fkksdgrpxx73g3-texlive-2023-env-texmfdist/tex/gen
eric/iftex/iftex.sty
Package: iftex 2022/02/03 v1.0f TeX engine tests
))
\Gm@cnth=\count266
\Gm@cntv=\count267
\c@Gm@tempcnt=\count268
\Gm@bindingoffset=\dimen154
\Gm@wd@mp=\dimen155
\Gm@odd@mp=\dimen156
\Gm@even@mp=\dimen157
\Gm@layoutwidth=\dimen158
\Gm@layoutheight=\dimen159
\Gm@layouthoffset=\dimen160
\Gm@layoutvoffset=\dimen161
\Gm@dimlist=\toks18
)
(/nix/store/sva4xm28w75mg4vqa5fkksdgrpxx73g3-texlive-2023-env-texmfdist/tex/lat
ex/tools/longtable.sty
Package: longtable 2023-11-01 v4.19 Multi-page Table package (DPC)
\LTleft=\skip50
\LTright=\skip51
\LTpre=\skip52
\LTpost=\skip53
\LTchunksize=\count269
\LTcapwidth=\dimen162
\LT@head=\box51
\LT@firsthead=\box52
\LT@foot=\box53
\LT@lastfoot=\box54
\LT@gbox=\box55
\LT@cols=\count270
\LT@rows=\count271
\c@LT@tables=\count272
\c@LT@chunks=\count273
\LT@p@ftn=\toks19
)
(/nix/store/sva4xm28w75mg4vqa5fkksdgrpxx73g3-texlive-2023-env-texmfdist/tex/lat
ex/xcolor/xcolor.sty
Package: xcolor 2023/11/15 v3.01 LaTeX color extensions (UK)

(/nix/store/sva4xm28w75mg4vqa5fkksdgrpxx73g3-texlive-2023-env-texmfdist/tex/lat
ex/graphics-cfg/color.cfg
File: color.cfg 2016/01/02 v1.6 sample color configuration
)
Package xcolor Info: Driver file: pdftex.def on input line 274.

(/nix/store/sva4xm28w75mg4vqa5fkksdgrpxx73g3-texlive-2023-env-texmfdist/tex/lat
ex/graphics-def/pdftex.def
File: pdftex.def 2022/09/22 v1.2b Graphics/color driver for pdftex
)
(/nix/store/sva4xm28w75mg4vqa5fkksdgrpxx73g3-texlive-2023-env-texmfdist/tex/lat
ex/graphics/mathcolor.ltx)
Package xcolor Info: Model `cmy' substituted by `cmy0' on input line 1350.
Package xcolor Info: Model `hsb' substituted by `rgb' on input line 1354.
Package xcolor Info: Model `RGB' extended on input line 1366.
Package xcolor Info: Model `HTML' substituted by `rgb' on input line 1368.
Package xcolor Info: Model `Hsb' substituted by `hsb' on input line 1369.
Package xcolor Info: Model `tHsb' substituted by `hsb' on input line 1370.
Package xcolor Info: Model `HSB' substituted by `hsb' on input line 1371.
Package xcolor Info: Model `Gray' substituted by `gray' on input line 1372.
Package xcolor Info: Model `wave' substituted by `hsb' on input line 1373.
)
(/nix/store/sva4xm28w75mg4vqa5fkksdgrpxx73g3-texlive-2023-env-texmfdist/tex/lat
ex/graphics/dvipsnam.def
File: dvipsnam.def 2016/06/17 v3.0m Driver-dependent file (DPC,SPQR)
)
(/nix/store/sva4xm28w75mg4vqa5fkksdgrpxx73g3-texlive-2023-env-texmfdist/tex/lat
ex/colortbl/colortbl.sty
Package: colortbl 2024/02/20 v1.0g Color table columns (DPC)

(/nix/store/sva4xm28w75mg4vqa5fkksdgrpxx73g3-texlive-2023-env-texmfdist/tex/lat
ex/tools/array.sty
Package: array 2023/10/16 v2.5g Tabular extension package (FMi)
\col@sep=\dimen163
\ar@mcellbox=\box56
\extrarowheight=\dimen164
\NC@list=\toks20
\extratabsurround=\skip54
\backup@length=\skip55
\ar@cellbox=\box57
)
\everycr=\toks21
\minrowclearance=\skip56
\rownum=\count274
)
(/nix/store/sva4xm28w75mg4vqa5fkksdgrpxx73g3-texlive-2023-env-texmfdist/tex/lat
ex/fancyhdr/fancyhdr.sty
Package: fancyhdr 2022/11/09 v4.1 Extensive control of page headers and footers

\f@nch@headwidth=\skip57
\f@nch@O@elh=\skip58
\f@nch@O@erh=\skip59
\f@nch@O@olh=\skip60
\f@nch@O@orh=\skip61
\f@nch@O@elf=\skip62
\f@nch@O@erf=\skip63
\f@nch@O@olf=\skip64
\f@nch@O@orf=\skip65
)
(/nix/store/sva4xm28w75mg4vqa5fkksdgrpxx73g3-texlive-2023-env-texmfdist/tex/lat
ex/graphics/graphicx.sty
Package: graphicx 2021/09/16 v1.2d Enhanced LaTeX Graphics (DPC,SPQR)

(/nix/store/sva4xm28w75mg4vqa5fkksdgrpxx73g3-texlive-2023-env-texmfdist/tex/lat
ex/graphics/graphics.sty
Package: graphics 2022/03/10 v1.4e Standard LaTeX Graphics (DPC,SPQR)

(/nix/store/sva4xm28w75mg4vqa5fkksdgrpxx73g3-texlive-2023-env-texmfdist/tex/lat
ex/graphics/trig.sty
Package: trig 2021/08/11 v1.11 sin cos tan (DPC)
)
(/nix/store/sva4xm28w75mg4vqa5fkksdgrpxx73g3-texlive-2023-env-texmfdist/tex/lat
ex/graphics-cfg/graphics.cfg
File: graphics.cfg 2016/06/04 v1.11 sample graphics configuration
)
Package graphics Info: Driver file: pdftex.def on input line 107.
)
\Gin@req@height=\dimen165
\Gin@req@width=\dimen166
)
(/nix/store/sva4xm28w75mg4vqa5fkksdgrpxx73g3-texlive-2023-env-texmfdist/tex/lat
ex/hyperref/hyperref.sty
Package: hyperref 2024-01-20 v7.01h Hypertext links for LaTeX

(/nix/store/sva4xm28w75mg4vqa5fkksdgrpxx73g3-texlive-2023-env-texmfdist/tex/lat
ex/kvsetkeys/kvsetkeys.sty
Package: kvsetkeys 2022-10-05 v1.19 Key value parser (HO)
)
(/nix/store/sva4xm28w75mg4vqa5fkksdgrpxx73g3-texlive-2023-env-texmfdist/tex/gen
eric/kvdefinekeys/kvdefinekeys.sty
Package: kvdefinekeys 2019-12-19 v1.6 Define keys (HO)
)
(/nix/store/sva4xm28w75mg4vqa5fkksdgrpxx73g3-texlive-2023-env-texmfdist/tex/gen
eric/pdfescape/pdfescape.sty
Package: pdfescape 2019/12/09 v1.15 Implements pdfTeX's escape features (HO)

(/nix/store/sva4xm28w75mg4vqa5fkksdgrpxx73g3-texlive-2023-env-texmfdist/tex/gen
eric/ltxcmds/ltxcmds.sty
Package: ltxcmds 2023-12-04 v1.26 LaTeX kernel commands for general use (HO)
)
(/nix/store/sva4xm28w75mg4vqa5fkksdgrpxx73g3-texlive-2023-env-texmfdist/tex/gen
eric/pdftexcmds/pdftexcmds.sty
Package: pdftexcmds 2020-06-27 v0.33 Utility functions of pdfTeX for LuaTeX (HO
)

(/nix/store/sva4xm28w75mg4vqa5fkksdgrpxx73g3-texlive-2023-env-texmfdist/tex/gen
eric/infwarerr/infwarerr.sty
Package: infwarerr 2019/12/03 v1.5 Providing info/warning/error messages (HO)
)
Package pdftexcmds Info: \pdf@primitive is available.
Package pdftexcmds Info: \pdf@ifprimitive is available.
Package pdftexcmds Info: \pdfdraftmode found.
))
(/nix/store/sva4xm28w75mg4vqa5fkksdgrpxx73g3-texlive-2023-env-texmfdist/tex/lat
ex/hycolor/hycolor.sty
Package: hycolor 2020-01-27 v1.10 Color options for hyperref/bookmark (HO)
)
(/nix/store/sva4xm28w75mg4vqa5fkksdgrpxx73g3-texlive-2023-env-texmfdist/tex/lat
ex/auxhook/auxhook.sty
Package: auxhook 2019-12-17 v1.6 Hooks for auxiliary files (HO)
)
(/nix/store/sva4xm28w75mg4vqa5fkksdgrpxx73g3-texlive-2023-env-texmfdist/tex/lat
ex/hyperref/nameref.sty
Package: nameref 2023-11-26 v2.56 Cross-referencing by name of section

(/nix/store/sva4xm28w75mg4vqa5fkksdgrpxx73g3-texlive-2023-env-texmfdist/tex/lat
ex/refcount/refcount.sty
Package: refcount 2019/12/15 v3.6 Data extraction from label references (HO)
)
(/nix/store/sva4xm28w75mg4vqa5fkksdgrpxx73g3-texlive-2023-env-texmfdist/tex/gen
eric/gettitlestring/gettitlestring.sty
Package: gettitlestring 2019/12/15 v1.6 Cleanup title references (HO)

(/nix/store/sva4xm28w75mg4vqa5fkksdgrpxx73g3-texlive-2023-env-texmfdist/tex/lat
ex/kvoptions/kvoptions.sty
Package: kvoptions 2022-06-15 v3.15 Key value format for package options (HO)
))
\c@section@level=\count275
)
(/nix/store/sva4xm28w75mg4vqa5fkksdgrpxx73g3-texlive-2023-env-texmfdist/tex/lat
ex/etoolbox/etoolbox.sty
Package: etoolbox 2020/10/05 v2.5k e-TeX tools for LaTeX (JAW)
\etb@tempcnta=\count276
)
\@linkdim=\dimen167
\Hy@linkcounter=\count277
\Hy@pagecounter=\count278

(/nix/store/sva4xm28w75mg4vqa5fkksdgrpxx73g3-texlive-2023-env-texmfdist/tex/lat
ex/hyperref/pd1enc.def
File: pd1enc.def 2024-01-20 v7.01h Hyperref: PDFDocEncoding definition (HO)
Now handling font encoding PD1 ...
... no UTF-8 mapping file for font encoding PD1
)
(/nix/store/sva4xm28w75mg4vqa5fkksdgrpxx73g3-texlive-2023-env-texmfdist/tex/gen
eric/intcalc/intcalc.sty
Package: intcalc 2019/12/15 v1.3 Expandable calculations with integers (HO)
)
\Hy@SavedSpaceFactor=\count279

(/nix/store/sva4xm28w75mg4vqa5fkksdgrpxx73g3-texlive-2023-env-texmfdist/tex/lat
ex/hyperref/puenc.def
File: puenc.def 2024-01-20 v7.01h Hyperref: PDF Unicode definition (HO)
Now handling font encoding PU ...
... no UTF-8 mapping file for font encoding PU
)
Package hyperref Info: Hyper figures OFF on input line 4179.
Package hyperref Info: Link nesting OFF on input line 4184.
Package hyperref Info: Hyper index ON on input line 4187.
Package hyperref Info: Plain pages OFF on input line 4194.
Package hyperref Info: Backreferencing OFF on input line 4199.
Package hyperref Info: Implicit mode ON; LaTeX internals redefined.
Package hyperref Info: Bookmarks ON on input line 4446.
\c@Hy@tempcnt=\count280

(/nix/store/sva4xm28w75mg4vqa5fkksdgrpxx73g3-texlive-2023-env-texmfdist/tex/lat
ex/url/url.sty
\Urlmuskip=\muskip16
Package: url 2013/09/16  ver 3.4  Verb mode for urls, etc.
)
LaTeX Info: Redefining \url on input line 4784.
\XeTeXLinkMargin=\dimen168

(/nix/store/sva4xm28w75mg4vqa5fkksdgrpxx73g3-texlive-2023-env-texmfdist/tex/gen
eric/bitset/bitset.sty
Package: bitset 2019/12/09 v1.3 Handle bit-vector datatype (HO)

(/nix/store/sva4xm28w75mg4vqa5fkksdgrpxx73g3-texlive-2023-env-texmfdist/tex/gen
eric/bigintcalc/bigintcalc.sty
Package: bigintcalc 2019/12/15 v1.5 Expandable calculations on big integers (HO
)
))
\Fld@menulength=\count281
\Field@Width=\dimen169
\Fld@charsize=\dimen170
Package hyperref Info: Hyper figures OFF on input line 6063.
Package hyperref Info: Link nesting OFF on input line 6068.
Package hyperref Info: Hyper index ON on input line 6071.
Package hyperref Info: backreferencing OFF on input line 6078.
Package hyperref Info: Link coloring OFF on input line 6083.
Package hyperref Info: Link coloring with OCG OFF on input line 6088.
Package hyperref Info: PDF/A mode OFF on input line 6093.

(/nix/store/sva4xm28w75mg4vqa5fkksdgrpxx73g3-texlive-2023-env-texmfdist/tex/lat
ex/base/atbegshi-ltx.sty
Package: atbegshi-ltx 2021/01/10 v1.0c Emulation of the original atbegshi
package with kernel methods
)
\Hy@abspage=\count282
\c@Item=\count283
\c@Hfootnote=\count284
)
Package hyperref Info: Driver (autodetected): hpdftex.

(/nix/store/sva4xm28w75mg4vqa5fkksdgrpxx73g3-texlive-2023-env-texmfdist/tex/lat
ex/hyperref/hpdftex.def
File: hpdftex.def 2024-01-20 v7.01h Hyperref driver for pdfTeX

(/nix/store/sva4xm28w75mg4vqa5fkksdgrpxx73g3-texlive-2023-env-texmfdist/tex/lat
ex/base/atveryend-ltx.sty
Package: atveryend-ltx 2020/08/19 v1.0a Emulation of the original atveryend pac
kage
with kernel methods
)
\Fld@listcount=\count285
\c@bookmark@seq@number=\count286

(/nix/store/sva4xm28w75mg4vqa5fkksdgrpxx73g3-texlive-2023-env-texmfdist/tex/lat
ex/rerunfilecheck/rerunfilecheck.sty
Package: rerunfilecheck 2022-07-10 v1.10 Rerun checks for auxiliary files (HO)

(/nix/store/sva4xm28w75mg4vqa5fkksdgrpxx73g3-texlive-2023-env-texmfdist/tex/gen
eric/uniquecounter/uniquecounter.sty
Package: uniquecounter 2019/12/15 v1.4 Provide unlimited unique counter (HO)
)
Package uniquecounter Info: New unique counter `rerunfilecheck' on input line 2
85.
)
\Hy@SectionHShift=\skip66
)
(/nix/store/sva4xm28w75mg4vqa5fkksdgrpxx73g3-texlive-2023-env-texmfdist/tex/lat
ex/float/float.sty
Package: float 2001/11/08 v1.3d Float enhancements (AL)
\c@float@type=\count287
\float@exts=\toks22
\float@box=\box58
\@float@everytoks=\toks23
\@floatcapt=\box59
)
(/nix/store/sva4xm28w75mg4vqa5fkksdgrpxx73g3-texlive-2023-env-texmfdist/tex/lat
ex/listings/listings.sty
\lst@mode=\count288
\lst@gtempboxa=\box60
\lst@token=\toks24
\lst@length=\count289
\lst@currlwidth=\dimen171
\lst@column=\count290
\lst@pos=\count291
\lst@lostspace=\dimen172
\lst@width=\dimen173
\lst@newlines=\count292
\lst@lineno=\count293
\lst@maxwidth=\dimen174

(/nix/store/sva4xm28w75mg4vqa5fkksdgrpxx73g3-texlive-2023-env-texmfdist/tex/lat
ex/listings/lstpatch.sty
File: lstpatch.sty 2024/02/21 1.10 (Carsten Heinz)
)
(/nix/store/sva4xm28w75mg4vqa5fkksdgrpxx73g3-texlive-2023-env-texmfdist/tex/lat
ex/listings/lstmisc.sty
File: lstmisc.sty 2024/02/21 1.10 (Carsten Heinz)
\c@lstnumber=\count294
\lst@skipnumbers=\count295
\lst@framebox=\box61
)
(/nix/store/sva4xm28w75mg4vqa5fkksdgrpxx73g3-texlive-2023-env-texmfdist/tex/lat
ex/listings/listings.cfg
File: listings.cfg 2024/02/21 1.10 listings configuration
))
Package: listings 2024/02/21 1.10 (Carsten Heinz)

(/nix/store/sva4xm28w75mg4vqa5fkksdgrpxx73g3-texlive-2023-env-texmfdist/tex/lat
ex/amsfonts/amssymb.sty
Package: amssymb 2013/01/14 v3.01 AMS font symbols

(/nix/store/sva4xm28w75mg4vqa5fkksdgrpxx73g3-texlive-2023-env-texmfdist/tex/lat
ex/amsfonts/amsfonts.sty
Package: amsfonts 2013/01/14 v3.01 Basic AMSFonts support
\@emptytoks=\toks25
\symAMSa=\mathgroup4
\symAMSb=\mathgroup5
LaTeX Font Info:    Redeclaring math symbol \hbar on input line 98.
LaTeX Font Info:    Overwriting math alphabet `\mathfrak' in version `bold'
(Font)                  U/euf/m/n --> U/euf/b/n on input line 106.
))
(/nix/store/sva4xm28w75mg4vqa5fkksdgrpxx73g3-texlive-2023-env-texmfdist/tex/lat
ex/amsmath/amsmath.sty
Package: amsmath 2023/05/13 v2.17o AMS math features
\@mathmargin=\skip67

For additional information on amsmath, use the `?' option.

(/nix/store/sva4xm28w75mg4vqa5fkksdgrpxx73g3-texlive-2023-env-texmfdist/tex/lat
ex/amsmath/amstext.sty
Package: amstext 2021/08/26 v2.01 AMS text

(/nix/store/sva4xm28w75mg4vqa5fkksdgrpxx73g3-texlive-2023-env-texmfdist/tex/lat
ex/amsmath/amsgen.sty
File: amsgen.sty 1999/11/30 v2.0 generic functions
\@emptytoks=\toks26
\ex@=\dimen175
))
(/nix/store/sva4xm28w75mg4vqa5fkksdgrpxx73g3-texlive-2023-env-texmfdist/tex/lat
ex/amsmath/amsbsy.sty
Package: amsbsy 1999/11/29 v1.2d Bold Symbols
\pmbraise@=\dimen176
)
(/nix/store/sva4xm28w75mg4vqa5fkksdgrpxx73g3-texlive-2023-env-texmfdist/tex/lat
ex/amsmath/amsopn.sty
Package: amsopn 2022/04/08 v2.04 operator names
)
\inf@bad=\count296
LaTeX Info: Redefining \frac on input line 234.
\uproot@=\count297
\leftroot@=\count298
LaTeX Info: Redefining \overline on input line 399.
LaTeX Info: Redefining \colon on input line 410.
\classnum@=\count299
\DOTSCASE@=\count300
LaTeX Info: Redefining \ldots on input line 496.
LaTeX Info: Redefining \dots on input line 499.
LaTeX Info: Redefining \cdots on input line 620.
\Mathstrutbox@=\box62
\strutbox@=\box63
LaTeX Info: Redefining \big on input line 722.
LaTeX Info: Redefining \Big on input line 723.
LaTeX Info: Redefining \bigg on input line 724.
LaTeX Info: Redefining \Bigg on input line 725.
\big@size=\dimen177
LaTeX Font Info:    Redeclaring font encoding OML on input line 743.
LaTeX Font Info:    Redeclaring font encoding OMS on input line 744.
\macc@depth=\count301
LaTeX Info: Redefining \bmod on input line 905.
LaTeX Info: Redefining \pmod on input line 910.
LaTeX Info: Redefining \smash on input line 940.
LaTeX Info: Redefining \relbar on input line 970.
LaTeX Info: Redefining \Relbar on input line 971.
\c@MaxMatrixCols=\count302
\dotsspace@=\muskip17
\c@parentequation=\count303
\dspbrk@lvl=\count304
\tag@help=\toks27
\row@=\count305
\column@=\count306
\maxfields@=\count307
\andhelp@=\toks28
\eqnshift@=\dimen178
\alignsep@=\dimen179
\tagshift@=\dimen180
\tagwidth@=\dimen181
\totwidth@=\dimen182
\lineht@=\dimen183
\@envbody=\toks29
\multlinegap=\skip68
\multlinetaggap=\skip69
\mathdisplay@stack=\toks30
LaTeX Info: Redefining \[ on input line 2953.
LaTeX Info: Redefining \] on input line 2954.
)
(/nix/store/sva4xm28w75mg4vqa5fkksdgrpxx73g3-texlive-2023-env-texmfdist/tex/lat
ex/enumitem/enumitem.sty
Package: enumitem 2019/06/20 v3.9 Customized lists
\labelindent=\skip70
\enit@outerparindent=\dimen184
\enit@toks=\toks31
\enit@inbox=\box64
\enit@count@id=\count308
\enitdp@description=\count309
)
(/nix/store/sva4xm28w75mg4vqa5fkksdgrpxx73g3-texlive-2023-env-texmfdist/tex/lat
ex/parskip/parskip.sty
Package: parskip 2021-03-14 v2.0h non-zero parskip adjustments
)
(/nix/store/sva4xm28w75mg4vqa5fkksdgrpxx73g3-texlive-2023-env-texmfdist/tex/lat
ex/caption/caption.sty
Package: caption 2023/08/05 v3.6o Customizing captions (AR)

(/nix/store/sva4xm28w75mg4vqa5fkksdgrpxx73g3-texlive-2023-env-texmfdist/tex/lat
ex/caption/caption3.sty
Package: caption3 2023/07/31 v2.4d caption3 kernel (AR)
\caption@tempdima=\dimen185
\captionmargin=\dimen186
\caption@leftmargin=\dimen187
\caption@rightmargin=\dimen188
\caption@width=\dimen189
\caption@indent=\dimen190
\caption@parindent=\dimen191
\caption@hangindent=\dimen192
Package caption Info: Standard document class detected.
)
\c@caption@flags=\count310
\c@continuedfloat=\count311
Package caption Info: float package is loaded.
Package caption Info: hyperref package is loaded.
Package caption Info: listings package is loaded.
Package caption Info: longtable package is loaded.

(/nix/store/sva4xm28w75mg4vqa5fkksdgrpxx73g3-texlive-2023-env-texmfdist/tex/lat
ex/caption/ltcaption.sty
Package: ltcaption 2021/01/08 v1.4c longtable captions (AR)
))
(/nix/store/sva4xm28w75mg4vqa5fkksdgrpxx73g3-texlive-2023-env-texmfdist/tex/lat
ex/tools/tabularx.sty
Package: tabularx 2023/07/08 v2.11c `tabularx' package (DPC)
\TX@col@width=\dimen193
\TX@old@table=\dimen194
\TX@old@col=\dimen195
\TX@target=\dimen196
\TX@delta=\dimen197
\TX@cols=\count312
\TX@ftn=\toks32
)
(/nix/store/sva4xm28w75mg4vqa5fkksdgrpxx73g3-texlive-2023-env-texmfdist/tex/lat
ex/circuitikz/circuitikz.sty
Package: circuitikz 2024/02/09{} The CircuiTikz circuit drawing package version
 1.6.7

(/nix/store/sva4xm28w75mg4vqa5fkksdgrpxx73g3-texlive-2023-env-texmfdist/tex/lat
ex/pgf/frontendlayer/tikz.sty
(/nix/store/sva4xm28w75mg4vqa5fkksdgrpxx73g3-texlive-2023-env-texmfdist/tex/lat
ex/pgf/basiclayer/pgf.sty
(/nix/store/sva4xm28w75mg4vqa5fkksdgrpxx73g3-texlive-2023-env-texmfdist/tex/lat
ex/pgf/utilities/pgfrcs.sty
(/nix/store/sva4xm28w75mg4vqa5fkksdgrpxx73g3-texlive-2023-env-texmfdist/tex/gen
eric/pgf/utilities/pgfutil-common.tex
\pgfutil@everybye=\toks33
\pgfutil@tempdima=\dimen198
\pgfutil@tempdimb=\dimen199
)
(/nix/store/sva4xm28w75mg4vqa5fkksdgrpxx73g3-texlive-2023-env-texmfdist/tex/gen
eric/pgf/utilities/pgfutil-latex.def
\pgfutil@abb=\box65
)
(/nix/store/sva4xm28w75mg4vqa5fkksdgrpxx73g3-texlive-2023-env-texmfdist/tex/gen
eric/pgf/utilities/pgfrcs.code.tex
(/nix/store/sva4xm28w75mg4vqa5fkksdgrpxx73g3-texlive-2023-env-texmfdist/tex/gen
eric/pgf/pgf.revision.tex)
Package: pgfrcs 2023-01-15 v3.1.10 (3.1.10)
))
Package: pgf 2023-01-15 v3.1.10 (3.1.10)

(/nix/store/sva4xm28w75mg4vqa5fkksdgrpxx73g3-texlive-2023-env-texmfdist/tex/lat
ex/pgf/basiclayer/pgfcore.sty
(/nix/store/sva4xm28w75mg4vqa5fkksdgrpxx73g3-texlive-2023-env-texmfdist/tex/lat
ex/pgf/systemlayer/pgfsys.sty
(/nix/store/sva4xm28w75mg4vqa5fkksdgrpxx73g3-texlive-2023-env-texmfdist/tex/gen
eric/pgf/systemlayer/pgfsys.code.tex
Package: pgfsys 2023-01-15 v3.1.10 (3.1.10)

(/nix/store/sva4xm28w75mg4vqa5fkksdgrpxx73g3-texlive-2023-env-texmfdist/tex/gen
eric/pgf/utilities/pgfkeys.code.tex
\pgfkeys@pathtoks=\toks34
\pgfkeys@temptoks=\toks35

(/nix/store/sva4xm28w75mg4vqa5fkksdgrpxx73g3-texlive-2023-env-texmfdist/tex/gen
eric/pgf/utilities/pgfkeyslibraryfiltered.code.tex
\pgfkeys@tmptoks=\toks36
))
\pgf@x=\dimen256
\pgf@y=\dimen257
\pgf@xa=\dimen258
\pgf@ya=\dimen259
\pgf@xb=\dimen260
\pgf@yb=\dimen261
\pgf@xc=\dimen262
\pgf@yc=\dimen263
\pgf@xd=\dimen264
\pgf@yd=\dimen265
\w@pgf@writea=\write3
\r@pgf@reada=\read2
\c@pgf@counta=\count313
\c@pgf@countb=\count314
\c@pgf@countc=\count315
\c@pgf@countd=\count316
\t@pgf@toka=\toks37
\t@pgf@tokb=\toks38
\t@pgf@tokc=\toks39
\pgf@sys@id@count=\count317

(/nix/store/sva4xm28w75mg4vqa5fkksdgrpxx73g3-texlive-2023-env-texmfdist/tex/gen
eric/pgf/systemlayer/pgf.cfg
File: pgf.cfg 2023-01-15 v3.1.10 (3.1.10)
)
Driver file for pgf: pgfsys-pdftex.def

(/nix/store/sva4xm28w75mg4vqa5fkksdgrpxx73g3-texlive-2023-env-texmfdist/tex/gen
eric/pgf/systemlayer/pgfsys-pdftex.def
File: pgfsys-pdftex.def 2023-01-15 v3.1.10 (3.1.10)

(/nix/store/sva4xm28w75mg4vqa5fkksdgrpxx73g3-texlive-2023-env-texmfdist/tex/gen
eric/pgf/systemlayer/pgfsys-common-pdf.def
File: pgfsys-common-pdf.def 2023-01-15 v3.1.10 (3.1.10)
)))
(/nix/store/sva4xm28w75mg4vqa5fkksdgrpxx73g3-texlive-2023-env-texmfdist/tex/gen
eric/pgf/systemlayer/pgfsyssoftpath.code.tex
File: pgfsyssoftpath.code.tex 2023-01-15 v3.1.10 (3.1.10)
\pgfsyssoftpath@smallbuffer@items=\count318
\pgfsyssoftpath@bigbuffer@items=\count319
)
(/nix/store/sva4xm28w75mg4vqa5fkksdgrpxx73g3-texlive-2023-env-texmfdist/tex/gen
eric/pgf/systemlayer/pgfsysprotocol.code.tex
File: pgfsysprotocol.code.tex 2023-01-15 v3.1.10 (3.1.10)
))
(/nix/store/sva4xm28w75mg4vqa5fkksdgrpxx73g3-texlive-2023-env-texmfdist/tex/gen
eric/pgf/basiclayer/pgfcore.code.tex
Package: pgfcore 2023-01-15 v3.1.10 (3.1.10)

(/nix/store/sva4xm28w75mg4vqa5fkksdgrpxx73g3-texlive-2023-env-texmfdist/tex/gen
eric/pgf/math/pgfmath.code.tex
(/nix/store/sva4xm28w75mg4vqa5fkksdgrpxx73g3-texlive-2023-env-texmfdist/tex/gen
eric/pgf/math/pgfmathutil.code.tex)
(/nix/store/sva4xm28w75mg4vqa5fkksdgrpxx73g3-texlive-2023-env-texmfdist/tex/gen
eric/pgf/math/pgfmathparser.code.tex
\pgfmath@dimen=\dimen266
\pgfmath@count=\count320
\pgfmath@box=\box66
\pgfmath@toks=\toks40
\pgfmath@stack@operand=\toks41
\pgfmath@stack@operation=\toks42
)
(/nix/store/sva4xm28w75mg4vqa5fkksdgrpxx73g3-texlive-2023-env-texmfdist/tex/gen
eric/pgf/math/pgfmathfunctions.code.tex)
(/nix/store/sva4xm28w75mg4vqa5fkksdgrpxx73g3-texlive-2023-env-texmfdist/tex/gen
eric/pgf/math/pgfmathfunctions.basic.code.tex)
(/nix/store/sva4xm28w75mg4vqa5fkksdgrpxx73g3-texlive-2023-env-texmfdist/tex/gen
eric/pgf/math/pgfmathfunctions.trigonometric.code.tex)
(/nix/store/sva4xm28w75mg4vqa5fkksdgrpxx73g3-texlive-2023-env-texmfdist/tex/gen
eric/pgf/math/pgfmathfunctions.random.code.tex)
(/nix/store/sva4xm28w75mg4vqa5fkksdgrpxx73g3-texlive-2023-env-texmfdist/tex/gen
eric/pgf/math/pgfmathfunctions.comparison.code.tex)
(/nix/store/sva4xm28w75mg4vqa5fkksdgrpxx73g3-texlive-2023-env-texmfdist/tex/gen
eric/pgf/math/pgfmathfunctions.base.code.tex)
(/nix/store/sva4xm28w75mg4vqa5fkksdgrpxx73g3-texlive-2023-env-texmfdist/tex/gen
eric/pgf/math/pgfmathfunctions.round.code.tex)
(/nix/store/sva4xm28w75mg4vqa5fkksdgrpxx73g3-texlive-2023-env-texmfdist/tex/gen
eric/pgf/math/pgfmathfunctions.misc.code.tex)
(/nix/store/sva4xm28w75mg4vqa5fkksdgrpxx73g3-texlive-2023-env-texmfdist/tex/gen
eric/pgf/math/pgfmathfunctions.integerarithmetics.code.tex)
(/nix/store/sva4xm28w75mg4vqa5fkksdgrpxx73g3-texlive-2023-env-texmfdist/tex/gen
eric/pgf/math/pgfmathcalc.code.tex)
(/nix/store/sva4xm28w75mg4vqa5fkksdgrpxx73g3-texlive-2023-env-texmfdist/tex/gen
eric/pgf/math/pgfmathfloat.code.tex
\c@pgfmathroundto@lastzeros=\count321
))
(/nix/store/sva4xm28w75mg4vqa5fkksdgrpxx73g3-texlive-2023-env-texmfdist/tex/gen
eric/pgf/math/pgfint.code.tex)
(/nix/store/sva4xm28w75mg4vqa5fkksdgrpxx73g3-texlive-2023-env-texmfdist/tex/gen
eric/pgf/basiclayer/pgfcorepoints.code.tex
File: pgfcorepoints.code.tex 2023-01-15 v3.1.10 (3.1.10)
\pgf@picminx=\dimen267
\pgf@picmaxx=\dimen268
\pgf@picminy=\dimen269
\pgf@picmaxy=\dimen270
\pgf@pathminx=\dimen271
\pgf@pathmaxx=\dimen272
\pgf@pathminy=\dimen273
\pgf@pathmaxy=\dimen274
\pgf@xx=\dimen275
\pgf@xy=\dimen276
\pgf@yx=\dimen277
\pgf@yy=\dimen278
\pgf@zx=\dimen279
\pgf@zy=\dimen280
)
(/nix/store/sva4xm28w75mg4vqa5fkksdgrpxx73g3-texlive-2023-env-texmfdist/tex/gen
eric/pgf/basiclayer/pgfcorepathconstruct.code.tex
File: pgfcorepathconstruct.code.tex 2023-01-15 v3.1.10 (3.1.10)
\pgf@path@lastx=\dimen281
\pgf@path@lasty=\dimen282
)
(/nix/store/sva4xm28w75mg4vqa5fkksdgrpxx73g3-texlive-2023-env-texmfdist/tex/gen
eric/pgf/basiclayer/pgfcorepathusage.code.tex
File: pgfcorepathusage.code.tex 2023-01-15 v3.1.10 (3.1.10)
\pgf@shorten@end@additional=\dimen283
\pgf@shorten@start@additional=\dimen284
)
(/nix/store/sva4xm28w75mg4vqa5fkksdgrpxx73g3-texlive-2023-env-texmfdist/tex/gen
eric/pgf/basiclayer/pgfcorescopes.code.tex
File: pgfcorescopes.code.tex 2023-01-15 v3.1.10 (3.1.10)
\pgfpic=\box67
\pgf@hbox=\box68
\pgf@layerbox@main=\box69
\pgf@picture@serial@count=\count322
)
(/nix/store/sva4xm28w75mg4vqa5fkksdgrpxx73g3-texlive-2023-env-texmfdist/tex/gen
eric/pgf/basiclayer/pgfcoregraphicstate.code.tex
File: pgfcoregraphicstate.code.tex 2023-01-15 v3.1.10 (3.1.10)
\pgflinewidth=\dimen285
)
(/nix/store/sva4xm28w75mg4vqa5fkksdgrpxx73g3-texlive-2023-env-texmfdist/tex/gen
eric/pgf/basiclayer/pgfcoretransformations.code.tex
File: pgfcoretransformations.code.tex 2023-01-15 v3.1.10 (3.1.10)
\pgf@pt@x=\dimen286
\pgf@pt@y=\dimen287
\pgf@pt@temp=\dimen288
)
(/nix/store/sva4xm28w75mg4vqa5fkksdgrpxx73g3-texlive-2023-env-texmfdist/tex/gen
eric/pgf/basiclayer/pgfcorequick.code.tex
File: pgfcorequick.code.tex 2023-01-15 v3.1.10 (3.1.10)
)
(/nix/store/sva4xm28w75mg4vqa5fkksdgrpxx73g3-texlive-2023-env-texmfdist/tex/gen
eric/pgf/basiclayer/pgfcoreobjects.code.tex
File: pgfcoreobjects.code.tex 2023-01-15 v3.1.10 (3.1.10)
)
(/nix/store/sva4xm28w75mg4vqa5fkksdgrpxx73g3-texlive-2023-env-texmfdist/tex/gen
eric/pgf/basiclayer/pgfcorepathprocessing.code.tex
File: pgfcorepathprocessing.code.tex 2023-01-15 v3.1.10 (3.1.10)
)
(/nix/store/sva4xm28w75mg4vqa5fkksdgrpxx73g3-texlive-2023-env-texmfdist/tex/gen
eric/pgf/basiclayer/pgfcorearrows.code.tex
File: pgfcorearrows.code.tex 2023-01-15 v3.1.10 (3.1.10)
\pgfarrowsep=\dimen289
)
(/nix/store/sva4xm28w75mg4vqa5fkksdgrpxx73g3-texlive-2023-env-texmfdist/tex/gen
eric/pgf/basiclayer/pgfcoreshade.code.tex
File: pgfcoreshade.code.tex 2023-01-15 v3.1.10 (3.1.10)
\pgf@max=\dimen290
\pgf@sys@shading@range@num=\count323
\pgf@shadingcount=\count324
)
(/nix/store/sva4xm28w75mg4vqa5fkksdgrpxx73g3-texlive-2023-env-texmfdist/tex/gen
eric/pgf/basiclayer/pgfcoreimage.code.tex
File: pgfcoreimage.code.tex 2023-01-15 v3.1.10 (3.1.10)
)
(/nix/store/sva4xm28w75mg4vqa5fkksdgrpxx73g3-texlive-2023-env-texmfdist/tex/gen
eric/pgf/basiclayer/pgfcoreexternal.code.tex
File: pgfcoreexternal.code.tex 2023-01-15 v3.1.10 (3.1.10)
\pgfexternal@startupbox=\box70
)
(/nix/store/sva4xm28w75mg4vqa5fkksdgrpxx73g3-texlive-2023-env-texmfdist/tex/gen
eric/pgf/basiclayer/pgfcorelayers.code.tex
File: pgfcorelayers.code.tex 2023-01-15 v3.1.10 (3.1.10)
)
(/nix/store/sva4xm28w75mg4vqa5fkksdgrpxx73g3-texlive-2023-env-texmfdist/tex/gen
eric/pgf/basiclayer/pgfcoretransparency.code.tex
File: pgfcoretransparency.code.tex 2023-01-15 v3.1.10 (3.1.10)
)
(/nix/store/sva4xm28w75mg4vqa5fkksdgrpxx73g3-texlive-2023-env-texmfdist/tex/gen
eric/pgf/basiclayer/pgfcorepatterns.code.tex
File: pgfcorepatterns.code.tex 2023-01-15 v3.1.10 (3.1.10)
)
(/nix/store/sva4xm28w75mg4vqa5fkksdgrpxx73g3-texlive-2023-env-texmfdist/tex/gen
eric/pgf/basiclayer/pgfcorerdf.code.tex
File: pgfcorerdf.code.tex 2023-01-15 v3.1.10 (3.1.10)
)))
(/nix/store/sva4xm28w75mg4vqa5fkksdgrpxx73g3-texlive-2023-env-texmfdist/tex/gen
eric/pgf/modules/pgfmoduleshapes.code.tex
File: pgfmoduleshapes.code.tex 2023-01-15 v3.1.10 (3.1.10)
\pgfnodeparttextbox=\box71
)
(/nix/store/sva4xm28w75mg4vqa5fkksdgrpxx73g3-texlive-2023-env-texmfdist/tex/gen
eric/pgf/modules/pgfmoduleplot.code.tex
File: pgfmoduleplot.code.tex 2023-01-15 v3.1.10 (3.1.10)
)
(/nix/store/sva4xm28w75mg4vqa5fkksdgrpxx73g3-texlive-2023-env-texmfdist/tex/lat
ex/pgf/compatibility/pgfcomp-version-0-65.sty
Package: pgfcomp-version-0-65 2023-01-15 v3.1.10 (3.1.10)
\pgf@nodesepstart=\dimen291
\pgf@nodesepend=\dimen292
)
(/nix/store/sva4xm28w75mg4vqa5fkksdgrpxx73g3-texlive-2023-env-texmfdist/tex/lat
ex/pgf/compatibility/pgfcomp-version-1-18.sty
Package: pgfcomp-version-1-18 2023-01-15 v3.1.10 (3.1.10)
))
(/nix/store/sva4xm28w75mg4vqa5fkksdgrpxx73g3-texlive-2023-env-texmfdist/tex/lat
ex/pgf/utilities/pgffor.sty
(/nix/store/sva4xm28w75mg4vqa5fkksdgrpxx73g3-texlive-2023-env-texmfdist/tex/lat
ex/pgf/utilities/pgfkeys.sty
(/nix/store/sva4xm28w75mg4vqa5fkksdgrpxx73g3-texlive-2023-env-texmfdist/tex/gen
eric/pgf/utilities/pgfkeys.code.tex))
(/nix/store/sva4xm28w75mg4vqa5fkksdgrpxx73g3-texlive-2023-env-texmfdist/tex/lat
ex/pgf/math/pgfmath.sty
(/nix/store/sva4xm28w75mg4vqa5fkksdgrpxx73g3-texlive-2023-env-texmfdist/tex/gen
eric/pgf/math/pgfmath.code.tex))
(/nix/store/sva4xm28w75mg4vqa5fkksdgrpxx73g3-texlive-2023-env-texmfdist/tex/gen
eric/pgf/utilities/pgffor.code.tex
Package: pgffor 2023-01-15 v3.1.10 (3.1.10)
\pgffor@iter=\dimen293
\pgffor@skip=\dimen294
\pgffor@stack=\toks43
\pgffor@toks=\toks44
))
(/nix/store/sva4xm28w75mg4vqa5fkksdgrpxx73g3-texlive-2023-env-texmfdist/tex/gen
eric/pgf/frontendlayer/tikz/tikz.code.tex
Package: tikz 2023-01-15 v3.1.10 (3.1.10)

(/nix/store/sva4xm28w75mg4vqa5fkksdgrpxx73g3-texlive-2023-env-texmfdist/tex/gen
eric/pgf/libraries/pgflibraryplothandlers.code.tex
File: pgflibraryplothandlers.code.tex 2023-01-15 v3.1.10 (3.1.10)
\pgf@plot@mark@count=\count325
\pgfplotmarksize=\dimen295
)
\tikz@lastx=\dimen296
\tikz@lasty=\dimen297
\tikz@lastxsaved=\dimen298
\tikz@lastysaved=\dimen299
\tikz@lastmovetox=\dimen300
\tikz@lastmovetoy=\dimen301
\tikzleveldistance=\dimen302
\tikzsiblingdistance=\dimen303
\tikz@figbox=\box72
\tikz@figbox@bg=\box73
\tikz@tempbox=\box74
\tikz@tempbox@bg=\box75
\tikztreelevel=\count326
\tikznumberofchildren=\count327
\tikznumberofcurrentchild=\count328
\tikz@fig@count=\count329

(/nix/store/sva4xm28w75mg4vqa5fkksdgrpxx73g3-texlive-2023-env-texmfdist/tex/gen
eric/pgf/modules/pgfmodulematrix.code.tex
File: pgfmodulematrix.code.tex 2023-01-15 v3.1.10 (3.1.10)
\pgfmatrixcurrentrow=\count330
\pgfmatrixcurrentcolumn=\count331
\pgf@matrix@numberofcolumns=\count332
)
\tikz@expandcount=\count333

(/nix/store/sva4xm28w75mg4vqa5fkksdgrpxx73g3-texlive-2023-env-texmfdist/tex/gen
eric/pgf/frontendlayer/tikz/libraries/tikzlibrarytopaths.code.tex
File: tikzlibrarytopaths.code.tex 2023-01-15 v3.1.10 (3.1.10)
)))
(/nix/store/sva4xm28w75mg4vqa5fkksdgrpxx73g3-texlive-2023-env-texmfdist/tex/gen
eric/pgf/frontendlayer/tikz/libraries/tikzlibrarycalc.code.tex
File: tikzlibrarycalc.code.tex 2023-01-15 v3.1.10 (3.1.10)
)
(/nix/store/sva4xm28w75mg4vqa5fkksdgrpxx73g3-texlive-2023-env-texmfdist/tex/gen
eric/pgf/libraries/pgflibraryarrows.meta.code.tex
File: pgflibraryarrows.meta.code.tex 2023-01-15 v3.1.10 (3.1.10)
\pgfarrowinset=\dimen304
\pgfarrowlength=\dimen305
\pgfarrowwidth=\dimen306
\pgfarrowlinewidth=\dimen307
)
(/nix/store/sva4xm28w75mg4vqa5fkksdgrpxx73g3-texlive-2023-env-texmfdist/tex/gen
eric/pgf/frontendlayer/tikz/libraries/tikzlibrarybending.code.tex
File: tikzlibrarybending.code.tex 2023-01-15 v3.1.10 (3.1.10)

(/nix/store/sva4xm28w75mg4vqa5fkksdgrpxx73g3-texlive-2023-env-texmfdist/tex/gen
eric/pgf/modules/pgfmodulebending.code.tex
File: pgfmodulebending.code.tex 2023-01-15 v3.1.10 (3.1.10)

(/nix/store/sva4xm28w75mg4vqa5fkksdgrpxx73g3-texlive-2023-env-texmfdist/tex/gen
eric/pgf/modules/pgfmodulenonlineartransformations.code.tex
File: pgfmodulenonlineartransformations.code.tex 2023-01-15 v3.1.10 (3.1.10)
\pgftransformnonlinearflatness=\dimen308
)
(/nix/store/sva4xm28w75mg4vqa5fkksdgrpxx73g3-texlive-2023-env-texmfdist/tex/gen
eric/pgf/libraries/pgflibrarycurvilinear.code.tex
File: pgflibrarycurvilinear.code.tex 2023-01-15 v3.1.10 (3.1.10)
\pgf@curvilinear@time@a=\dimen309
\pgf@curvilinear@length@a=\dimen310
\pgf@curvilinear@length@b=\dimen311
\pgf@curvilinear@length@c=\dimen312
\pgf@curvilinear@length@d=\dimen313
)
\pgf@arrows@the@rigidity=\dimen314
))
(/nix/store/sva4xm28w75mg4vqa5fkksdgrpxx73g3-texlive-2023-env-texmfdist/tex/gen
eric/pgf/frontendlayer/tikz/libraries/tikzlibraryfpu.code.tex
(/nix/store/sva4xm28w75mg4vqa5fkksdgrpxx73g3-texlive-2023-env-texmfdist/tex/gen
eric/pgf/libraries/pgflibraryfpu.code.tex))
(/nix/store/sva4xm28w75mg4vqa5fkksdgrpxx73g3-texlive-2023-env-texmfdist/tex/gen
eric/circuitikz/pgfcirc.defines.tex
\pgf@circ@count@a=\count334
\pgf@circ@count@b=\count335
\pgf@circ@count@c=\count336
\pgf@circ@res@up=\dimen315
\pgf@circ@res@down=\dimen316
\pgf@circ@res@zero=\dimen317
\pgf@circ@res@left=\dimen318
\pgf@circ@res@right=\dimen319
\pgf@circ@res@other=\dimen320
\pgf@circ@res@step=\dimen321
\pgf@circ@res@temp=\dimen322
\pgf@circ@Rlen=\dimen323
\pgf@circ@scaled@Rlen=\dimen324
\pgfstartlinewidth=\dimen325
)
(/nix/store/sva4xm28w75mg4vqa5fkksdgrpxx73g3-texlive-2023-env-texmfdist/tex/gen
eric/circuitikz/pgfcircutils.tex
\ctikz@scratchbox=\box76
)
(/nix/store/sva4xm28w75mg4vqa5fkksdgrpxx73g3-texlive-2023-env-texmfdist/tex/gen
eric/circuitikz/pgfcircpath.tex)
(/nix/store/sva4xm28w75mg4vqa5fkksdgrpxx73g3-texlive-2023-env-texmfdist/tex/gen
eric/circuitikz/pgfcircshapes.tex)
(/nix/store/sva4xm28w75mg4vqa5fkksdgrpxx73g3-texlive-2023-env-texmfdist/tex/gen
eric/circuitikz/pgfcircmonopoles.tex)
(/nix/store/sva4xm28w75mg4vqa5fkksdgrpxx73g3-texlive-2023-env-texmfdist/tex/gen
eric/circuitikz/pgfcircbipoles.tex)
(/nix/store/sva4xm28w75mg4vqa5fkksdgrpxx73g3-texlive-2023-env-texmfdist/tex/gen
eric/circuitikz/pgfcirctripoles.tex
\pgf@circ@res@count=\count337
)
(/nix/store/sva4xm28w75mg4vqa5fkksdgrpxx73g3-texlive-2023-env-texmfdist/tex/gen
eric/circuitikz/pgfcircquadpoles.tex)
(/nix/store/sva4xm28w75mg4vqa5fkksdgrpxx73g3-texlive-2023-env-texmfdist/tex/gen
eric/circuitikz/pgfcircmultipoles.tex)
(/nix/store/sva4xm28w75mg4vqa5fkksdgrpxx73g3-texlive-2023-env-texmfdist/tex/gen
eric/circuitikz/pgfcirclabel.tex)
(/nix/store/sva4xm28w75mg4vqa5fkksdgrpxx73g3-texlive-2023-env-texmfdist/tex/gen
eric/circuitikz/pgfcircvoltage.tex
\pgfcirc@labelshift=\dimen326
)
(/nix/store/sva4xm28w75mg4vqa5fkksdgrpxx73g3-texlive-2023-env-texmfdist/tex/gen
eric/circuitikz/pgfcirccurrent.tex)
(/nix/store/sva4xm28w75mg4vqa5fkksdgrpxx73g3-texlive-2023-env-texmfdist/tex/gen
eric/circuitikz/pgfcircflow.tex))
(/nix/store/sva4xm28w75mg4vqa5fkksdgrpxx73g3-texlive-2023-env-texmfdist/tex/lat
ex/l3backend/l3backend-pdftex.def
File: l3backend-pdftex.def 2024-02-20 L3 backend support: PDF output (pdfTeX)
\l__color_backend_stack_int=\count338
\l__pdf_internal_box=\box77
) (./SPI.aux (./errata.aux) (./ports.aux)
(./params.aux) (./operatingmodes.aux) (./tops.aux) (./register_interface.aux)
(./virtual.aux) (./atomic.aux) (./sim.aux) (./syn.aux))
\openout1 = `SPI.aux'.

LaTeX Font Info:    Checking defaults for OML/cmm/m/it on input line 80.
LaTeX Font Info:    ... okay on input line 80.
LaTeX Font Info:    Checking defaults for OMS/cmsy/m/n on input line 80.
LaTeX Font Info:    ... okay on input line 80.
LaTeX Font Info:    Checking defaults for OT1/cmr/m/n on input line 80.
LaTeX Font Info:    ... okay on input line 80.
LaTeX Font Info:    Checking defaults for T1/cmr/m/n on input line 80.
LaTeX Font Info:    ... okay on input line 80.
LaTeX Font Info:    Checking defaults for TS1/cmr/m/n on input line 80.
LaTeX Font Info:    ... okay on input line 80.
LaTeX Font Info:    Checking defaults for OMX/cmex/m/n on input line 80.
LaTeX Font Info:    ... okay on input line 80.
LaTeX Font Info:    Checking defaults for U/cmr/m/n on input line 80.
LaTeX Font Info:    ... okay on input line 80.
LaTeX Font Info:    Checking defaults for PD1/pdf/m/n on input line 80.
LaTeX Font Info:    ... okay on input line 80.
LaTeX Font Info:    Checking defaults for PU/pdf/m/n on input line 80.
LaTeX Font Info:    ... okay on input line 80.

*geometry* driver: auto-detecting
*geometry* detected driver: pdftex
*geometry* verbose mode - [ preamble ] result:
* driver: pdftex
* paper: letterpaper
* layout: <same size as paper>
* layoutoffset:(h,v)=(0.0pt,0.0pt)
* modes: 
* h-part:(L,W,R)=(72.26997pt, 469.75505pt, 72.26997pt)
* v-part:(T,H,B)=(72.26997pt, 650.43004pt, 72.26997pt)
* \paperwidth=614.295pt
* \paperheight=794.96999pt
* \textwidth=469.75505pt
* \textheight=650.43004pt
* \oddsidemargin=-0.00002pt
* \evensidemargin=-0.00002pt
* \topmargin=-37.00002pt
* \headheight=12.0pt
* \headsep=25.0pt
* \topskip=10.0pt
* \footskip=30.0pt
* \marginparwidth=65.0pt
* \marginparsep=11.0pt
* \columnsep=10.0pt
* \skip\footins=9.0pt plus 4.0pt minus 2.0pt
* \hoffset=0.0pt
* \voffset=0.0pt
* \mag=1000
* \@twocolumnfalse
* \@twosidefalse
* \@mparswitchfalse
* \@reversemarginfalse
* (1in=72.27pt=25.4mm, 1cm=28.453pt)


(/nix/store/sva4xm28w75mg4vqa5fkksdgrpxx73g3-texlive-2023-env-texmfdist/tex/con
text/base/mkii/supp-pdf.mkii
[Loading MPS to PDF converter (version 2006.09.02).]
\scratchcounter=\count339
\scratchdimen=\dimen327
\scratchbox=\box78
\nofMPsegments=\count340
\nofMParguments=\count341
\everyMPshowfont=\toks45
\MPscratchCnt=\count342
\MPscratchDim=\dimen328
\MPnumerator=\count343
\makeMPintoPDFobject=\count344
\everyMPtoPDFconversion=\toks46
)
(/nix/store/sva4xm28w75mg4vqa5fkksdgrpxx73g3-texlive-2023-env-texmfdist/tex/lat
ex/epstopdf-pkg/epstopdf-base.sty
Package: epstopdf-base 2020-01-24 v2.11 Base part for package epstopdf
Package epstopdf-base Info: Redefining graphics rule for `.eps' on input line 4
85.

(/nix/store/sva4xm28w75mg4vqa5fkksdgrpxx73g3-texlive-2023-env-texmfdist/tex/lat
ex/latexconfig/epstopdf-sys.cfg
File: epstopdf-sys.cfg 2010/07/13 v1.3 Configuration of (r)epstopdf for TeX Liv
e
))
Package hyperref Info: Link coloring OFF on input line 80.
 (./SPI.out) (./SPI.out)
\@outlinefile=\write4
\openout4 = `SPI.out'.

\c@lstlisting=\count345
Package caption Info: Begin \AtBeginDocument code.
Package caption Info: End \AtBeginDocument code.
<images/Rocksavage_Tech_RGB_300.png, id=175, 147.4308pt x 23.1264pt>
File: images/Rocksavage_Tech_RGB_300.png Graphic file (type png)
<use images/Rocksavage_Tech_RGB_300.png>
Package pdftex.def Info: images/Rocksavage_Tech_RGB_300.png  used on input line
 83.
(pdftex.def)             Requested size: 227.62204pt x 35.70721pt.
<images/uncertified.png, id=177, 297.11pt x 297.11pt>
File: images/uncertified.png Graphic file (type png)
<use images/uncertified.png>
Package pdftex.def Info: images/uncertified.png  used on input line 83.
(pdftex.def)             Requested size: 113.81102pt x 113.80968pt.
LaTeX Font Info:    Trying to load font information for U+msa on input line 83.


(/nix/store/sva4xm28w75mg4vqa5fkksdgrpxx73g3-texlive-2023-env-texmfdist/tex/lat
ex/amsfonts/umsa.fd
File: umsa.fd 2013/01/14 v3.01 AMS symbols A
)
LaTeX Font Info:    Trying to load font information for U+msb on input line 83.


(/nix/store/sva4xm28w75mg4vqa5fkksdgrpxx73g3-texlive-2023-env-texmfdist/tex/lat
ex/amsfonts/umsb.fd
File: umsb.fd 2013/01/14 v3.01 AMS symbols B
) [1

{/nix/store/scmc3lv16ygv83vzaqksfqr0lqfbkfdx-texlive-2023-env/share/texmf-var/f
onts/map/pdftex/updmap/pdftex.map} <./images/Rocksavage_Tech_RGB_300.png> <./im
ages/uncertified.png>] (./SPI.toc)
\tf@toc=\write5
\openout5 = `SPI.toc'.

 [2{/nix/store/sva4xm28w75mg4vqa5fkksdgrpxx73g3-texlive-2023-env-texmfdist/font
s/enc/dvips/cm-super/cm-super-ts1.enc}]
\openout2 = `./errata.aux'.

 (./errata.tex) [3

]
\openout2 = `./ports.aux'.

 (./ports.tex
Overfull \hbox (26.50359pt too wide) in alignment at lines 23--31
 [] [] [] [] 
 []


Overfull \hbox (26.50359pt too wide) in alignment at lines 31--39
 [] [] [] [] 
 []


Overfull \hbox (26.50359pt too wide) in alignment at lines 39--42
 [] [] [] [] 
 []


Overfull \hbox (26.50359pt too wide) in alignment at lines 42--65
 [] [] [] [] 
 []


Package caption Warning: The option `hypcap=true' will be ignored for this
(caption)                particular \caption on input line 67.
See the caption package documentation for explanation.


Overfull \hbox (26.50359pt too wide) in alignment at lines 91--99
 [] [] [] [] 
 []


Overfull \hbox (26.50359pt too wide) in alignment at lines 99--107
 [] [] [] [] 
 []


Overfull \hbox (26.50359pt too wide) in alignment at lines 107--110
 [] [] [] [] 
 []


Overfull \hbox (26.50359pt too wide) in alignment at lines 110--163
 [] [] [] [] 
 []


Package caption Warning: The option `hypcap=true' will be ignored for this
(caption)                particular \caption on input line 165.
See the caption package documentation for explanation.

) [4



]
\openout2 = `./params.aux'.

 (./params.tex
Overfull \hbox (24.82584pt too wide) in alignment at lines 19--28
 [] [] [] [] [] 
 []


Overfull \hbox (24.82584pt too wide) in alignment at lines 28--35
 [] [] [] [] [] 
 []


Overfull \hbox (24.82584pt too wide) in alignment at lines 35--38
 [] [] [] [] [] 
 []


Overfull \hbox (24.82584pt too wide) in alignment at lines 38--52
 [] [] [] [] [] 
 []


Package caption Warning: The option `hypcap=true' will be ignored for this
(caption)                particular \caption on input line 54.
See the caption package documentation for explanation.


(/nix/store/sva4xm28w75mg4vqa5fkksdgrpxx73g3-texlive-2023-env-texmfdist/tex/lat
ex/listings/lstlang1.sty
File: lstlang1.sty 2024/02/21 1.10 listings language file
)
(/nix/store/sva4xm28w75mg4vqa5fkksdgrpxx73g3-texlive-2023-env-texmfdist/tex/lat
ex/listings/lstlang2.sty
File: lstlang2.sty 2024/02/21 1.10 listings language file
)
(/nix/store/sva4xm28w75mg4vqa5fkksdgrpxx73g3-texlive-2023-env-texmfdist/tex/lat
ex/listings/lstlang3.sty
File: lstlang3.sty 2024/02/21 1.10 listings language file
)) [5



]
\openout2 = `./operatingmodes.aux'.

 (./operatingmodes.tex
<images/spi_master_timing.png, id=269, 521.69907pt x 221.32687pt>
File: images/spi_master_timing.png Graphic file (type png)
<use images/spi_master_timing.png>
Package pdftex.def Info: images/spi_master_timing.png  used on input line 30.
(pdftex.def)             Requested size: 399.29465pt x 169.39891pt.
 [6



]
LaTeX Font Info:    Font shape `OT1/cmtt/bx/n' in size <10> not available
(Font)              Font shape `OT1/cmtt/m/n' tried instead on input line 39.
<images/spi_buffer_mode.png, id=274, 561.59813pt x 248.42813pt>
File: images/spi_buffer_mode.png Graphic file (type png)
<use images/spi_buffer_mode.png>
Package pdftex.def Info: images/spi_buffer_mode.png  used on input line 56.
(pdftex.def)             Requested size: 399.29465pt x 176.63159pt.
 [7 <./images/spi_master_timing.png> <./images/spi_buffer_mode.png>]
<images/spi_slave_timing.png, id=284, 552.56438pt x 244.66406pt>
File: images/spi_slave_timing.png Graphic file (type png)
<use images/spi_slave_timing.png>
Package pdftex.def Info: images/spi_slave_timing.png  used on input line 85.
(pdftex.def)             Requested size: 399.29465pt x 176.79637pt.
 [8 <./images/spi_slave_timing.png>]
<images/spi_data_modes.png, id=291, 534.49687pt x 613.54219pt>
File: images/spi_data_modes.png Graphic file (type png)
<use images/spi_data_modes.png>
Package pdftex.def Info: images/spi_data_modes.png  used on input line 166.
(pdftex.def)             Requested size: 422.77667pt x 485.32027pt.
) [9] [10 <./images/spi_data_modes.png>]
\openout2 = `./tops.aux'.

 (./tops.tex
<images/spi_block_diagram.png, id=303, 446.41782pt x 360.59718pt>
File: images/spi_block_diagram.png Graphic file (type png)
<use images/spi_block_diagram.png>
Package pdftex.def Info: images/spi_block_diagram.png  used on input line 20.
(pdftex.def)             Requested size: 375.80547pt x 303.56534pt.
 [11



 <./images/spi_block_diagram.png>]
<images/wavedrom.png, id=312, 1686.3pt x 451.6875pt>
File: images/wavedrom.png Graphic file (type png)
<use images/wavedrom.png>
Package pdftex.def Info: images/wavedrom.png  used on input line 38.
(pdftex.def)             Requested size: 469.75505pt x 125.82376pt.
) [12 <./images/wavedrom.png>]
\openout2 = `./register_interface.aux'.

 (./register_interface.tex
Overfull \hbox (14.11076pt too wide) in alignment at lines 14--21
 [] [] [] 
 []


Overfull \hbox (14.11076pt too wide) in alignment at lines 21--26
 [] [] [] 
 []


Overfull \hbox (14.11076pt too wide) in alignment at lines 26--49
 [] [] [] 
 []


Package caption Warning: The option `hypcap=true' will be ignored for this
(caption)                particular \caption on input line 51.
See the caption package documentation for explanation.

[13



]
LaTeX Font Info:    Font shape `OT1/cmtt/bx/n' in size <12> not available
(Font)              Font shape `OT1/cmtt/m/n' tried instead on input line 57.
 [14] [15]
LaTeX Font Info:    Font shape `OT1/cmtt/bx/n' in size <9> not available
(Font)              Font shape `OT1/cmtt/m/n' tried instead on input line 269.
 [16]) [17]
\openout2 = `./virtual.aux'.


No file ./virtual.tex.
\openout2 = `./atomic.aux'.

No file ./atomic.tex.
\openout2 = `./sim.aux'.

(./sim.tex
LaTeX Font Info:    Trying to load font information for TS1+cmtt on input line 
70.

(/nix/store/sva4xm28w75mg4vqa5fkksdgrpxx73g3-texlive-2023-env-texmfdist/tex/lat
ex/base/ts1cmtt.fd
File: ts1cmtt.fd 2023/04/13 v2.5m Standard LaTeX font definitions
)) [18









]
\openout2 = `./syn.aux'.

 (./syn.tex

Package caption Warning: The option `hypcap=true' will be ignored for this
(caption)                particular \caption on input line 59.
See the caption package documentation for explanation.


Package caption Warning: The option `hypcap=true' will be ignored for this
(caption)                particular \caption on input line 116.
See the caption package documentation for explanation.

) [19



] (./SPI.aux (./errata.aux) (./ports.aux) (./params.aux)
(./operatingmodes.aux) (./tops.aux) (./register_interface.aux) (./virtual.aux)
(./atomic.aux) (./sim.aux) (./syn.aux))
 ***********
LaTeX2e <2023-11-01> patch level 1
L3 programming layer <2024-02-20>
 ***********
Package rerunfilecheck Info: File `SPI.out' has not changed.
(rerunfilecheck)             Checksum: FDE90A7B3FD15D12B04250EEE3B442E5;5769.
 ) 
Here is how much of TeX's memory you used:
 42275 strings out of 474116
 986821 string characters out of 5720541
 1959187 words of memory out of 5000000
 63989 multiletter control sequences out of 15000+600000
 570256 words of font info for 83 fonts, out of 8000000 for 9000
 1141 hyphenation exceptions out of 8191
 99i,11n,101p,522b,1165s stack positions out of 10000i,1000n,20000p,200000b,200000s
</nix/store/sva4xm28w75mg4vqa5fkksdgrpxx73g3-texlive-2023-env-texmfdist/fonts
/type1/public/amsfonts/cm/cmbx10.pfb></nix/store/sva4xm28w75mg4vqa5fkksdgrpxx73
g3-texlive-2023-env-texmfdist/fonts/type1/public/amsfonts/cm/cmbx12.pfb></nix/s
tore/sva4xm28w75mg4vqa5fkksdgrpxx73g3-texlive-2023-env-texmfdist/fonts/type1/pu
blic/amsfonts/cm/cmbx9.pfb></nix/store/sva4xm28w75mg4vqa5fkksdgrpxx73g3-texlive
-2023-env-texmfdist/fonts/type1/public/amsfonts/cm/cmr10.pfb></nix/store/sva4xm
28w75mg4vqa5fkksdgrpxx73g3-texlive-2023-env-texmfdist/fonts/type1/public/amsfon
ts/cm/cmr12.pfb></nix/store/sva4xm28w75mg4vqa5fkksdgrpxx73g3-texlive-2023-env-t
exmfdist/fonts/type1/public/amsfonts/cm/cmr17.pfb></nix/store/sva4xm28w75mg4vqa
5fkksdgrpxx73g3-texlive-2023-env-texmfdist/fonts/type1/public/amsfonts/cm/cmr9.
pfb></nix/store/sva4xm28w75mg4vqa5fkksdgrpxx73g3-texlive-2023-env-texmfdist/fon
ts/type1/public/amsfonts/cm/cmsy9.pfb></nix/store/sva4xm28w75mg4vqa5fkksdgrpxx7
3g3-texlive-2023-env-texmfdist/fonts/type1/public/amsfonts/cm/cmti10.pfb></nix/
store/sva4xm28w75mg4vqa5fkksdgrpxx73g3-texlive-2023-env-texmfdist/fonts/type1/p
ublic/amsfonts/cm/cmti9.pfb></nix/store/sva4xm28w75mg4vqa5fkksdgrpxx73g3-texliv
e-2023-env-texmfdist/fonts/type1/public/amsfonts/cm/cmtt10.pfb></nix/store/sva4
xm28w75mg4vqa5fkksdgrpxx73g3-texlive-2023-env-texmfdist/fonts/type1/public/amsf
onts/cm/cmtt12.pfb></nix/store/sva4xm28w75mg4vqa5fkksdgrpxx73g3-texlive-2023-en
v-texmfdist/fonts/type1/public/amsfonts/cm/cmtt9.pfb></nix/store/sva4xm28w75mg4
vqa5fkksdgrpxx73g3-texlive-2023-env-texmfdist/fonts/type1/public/cm-super/sfrm0
900.pfb></nix/store/sva4xm28w75mg4vqa5fkksdgrpxx73g3-texlive-2023-env-texmfdist
/fonts/type1/public/cm-super/sfrm1000.pfb></nix/store/sva4xm28w75mg4vqa5fkksdgr
pxx73g3-texlive-2023-env-texmfdist/fonts/type1/public/cm-super/sftt0900.pfb>
Output written on SPI.pdf (19 pages, 794813 bytes).
PDF statistics:
 468 PDF objects out of 1000 (max. 8388607)
 395 compressed objects within 4 object streams
 104 named destinations out of 1000 (max. 500000)
 389 words of extra memory for PDF output out of 10000 (max. 10000000)

